------------------------------------------------------------------------------------------------------------------------

[2022-10-09 13:38:25 #1 store] 
Database 'E:\AITOR\Documents\Clase\Bets21\src\main\resources\bets.temp' is opened by 7808@Aitor-PC

[2022-10-09 13:38:25 #2 type] 
Type domain.Question is not enhanced.

[2022-10-09 13:38:25 #3 type] 
Type domain.Pronostikoa is not enhanced.

[2022-10-09 13:38:25 #4 type] 
Type domain.Event is not enhanced.

[2022-10-09 13:38:25 #5 type] 
Type domain.Apostua is not enhanced.

[2022-10-09 13:38:25 #6 type] 
Type domain.Pertsona is not enhanced.

[2022-10-09 13:38:25 #7 type] 
Type domain.Bezero is not enhanced.

[2022-10-09 13:38:25 #8 type] 
Type domain.Administratzaile is not enhanced.

------------------------------------------------------------------------------------------------------------------------

[2022-10-09 13:39:26 #1 store] 
Database 'E:\AITOR\Documents\Clase\Bets21\src\main\resources\bets.temp' is opened by 18160@Aitor-PC

[2022-10-09 13:39:26 #2 type] 
Type domain.Question is not enhanced.

[2022-10-09 13:39:26 #3 type] 
Type domain.Pronostikoa is not enhanced.

[2022-10-09 13:39:26 #4 type] 
Type domain.Event is not enhanced.

[2022-10-09 13:39:26 #5 type] 
Type domain.Apostua is not enhanced.

[2022-10-09 13:39:26 #6 type] 
Type domain.Pertsona is not enhanced.

[2022-10-09 13:39:26 #7 type] 
Type domain.Bezero is not enhanced.

[2022-10-09 13:39:26 #8 type] 
Type domain.Administratzaile is not enhanced.

------------------------------------------------------------------------------------------------------------------------

[2022-10-09 13:40:19 #1 store] 
Database 'E:\AITOR\Documents\Clase\Bets21\src\main\resources\bets.temp' is opened by 9936@Aitor-PC

[2022-10-09 13:40:19 #2 type] 
Type domain.Question is not enhanced.

[2022-10-09 13:40:19 #3 type] 
Type domain.Pronostikoa is not enhanced.

[2022-10-09 13:40:19 #4 type] 
Type domain.Event is not enhanced.

[2022-10-09 13:40:19 #5 type] 
Type domain.Apostua is not enhanced.

[2022-10-09 13:40:19 #6 type] 
Type domain.Pertsona is not enhanced.

[2022-10-09 13:40:19 #7 type] 
Type domain.Bezero is not enhanced.

[2022-10-09 13:40:19 #8 type] 
Type domain.Administratzaile is not enhanced.

------------------------------------------------------------------------------------------------------------------------

[2022-10-09 13:40:22 #1 store] 
Database 'E:\AITOR\Documents\Clase\Bets21\src\main\resources\bets.temp' is opened by 4568@Aitor-PC

[2022-10-09 13:40:22 #2 type] 
Type domain.Question is not enhanced.

[2022-10-09 13:40:22 #3 type] 
Type domain.Pronostikoa is not enhanced.

[2022-10-09 13:40:22 #4 type] 
Type domain.Event is not enhanced.

[2022-10-09 13:40:22 #5 type] 
Type domain.Apostua is not enhanced.

[2022-10-09 13:40:22 #6 type] 
Type domain.Pertsona is not enhanced.

[2022-10-09 13:40:22 #7 type] 
Type domain.Bezero is not enhanced.

[2022-10-09 13:40:22 #8 type] 
Type domain.Administratzaile is not enhanced.

------------------------------------------------------------------------------------------------------------------------

[2022-10-09 13:41:03 #1 store] 
Database 'E:\AITOR\Documents\Clase\Bets21\src\main\resources\bets.temp' is opened by 6812@Aitor-PC

[2022-10-09 13:41:04 #2 type] 
Type domain.Question is not enhanced.

[2022-10-09 13:41:04 #3 type] 
Type domain.Pronostikoa is not enhanced.

[2022-10-09 13:41:04 #4 type] 
Type domain.Event is not enhanced.

[2022-10-09 13:41:04 #5 type] 
Type domain.Apostua is not enhanced.

[2022-10-09 13:41:04 #6 type] 
Type domain.Pertsona is not enhanced.

[2022-10-09 13:41:04 #7 type] 
Type domain.Bezero is not enhanced.

[2022-10-09 13:41:04 #8 type] 
Type domain.Administratzaile is not enhanced.

------------------------------------------------------------------------------------------------------------------------

[2022-10-09 13:42:59 #1 store] 
Database 'E:\AITOR\Documents\Clase\Bets21\src\main\resources\bets.temp' is opened by 10572@Aitor-PC

[2022-10-09 13:42:59 #2 type] 
Type domain.Question is not enhanced.

[2022-10-09 13:42:59 #3 type] 
Type domain.Pronostikoa is not enhanced.

[2022-10-09 13:42:59 #4 type] 
Type domain.Event is not enhanced.

[2022-10-09 13:42:59 #5 type] 
Type domain.Apostua is not enhanced.

[2022-10-09 13:42:59 #6 type] 
Type domain.Pertsona is not enhanced.

[2022-10-09 13:42:59 #7 type] 
Type domain.Bezero is not enhanced.

[2022-10-09 13:42:59 #8 type] 
Type domain.Administratzaile is not enhanced.

------------------------------------------------------------------------------------------------------------------------

[2022-10-09 13:43:26 #1 store] 
Database 'E:\AITOR\Documents\Clase\Bets21\src\main\resources\bets.temp' is opened by 376@Aitor-PC

[2022-10-09 13:43:27 #2 type] 
Type domain.Question is not enhanced.

[2022-10-09 13:43:27 #3 type] 
Type domain.Pronostikoa is not enhanced.

[2022-10-09 13:43:27 #4 type] 
Type domain.Event is not enhanced.

[2022-10-09 13:43:27 #5 type] 
Type domain.Apostua is not enhanced.

[2022-10-09 13:43:27 #6 type] 
Type domain.Pertsona is not enhanced.

[2022-10-09 13:43:27 #7 type] 
Type domain.Bezero is not enhanced.

[2022-10-09 13:43:27 #8 type] 
Type domain.Administratzaile is not enhanced.

------------------------------------------------------------------------------------------------------------------------

[2022-10-09 13:45:47 #1 store] 
Database 'E:\AITOR\Documents\Clase\Bets21\src\main\resources\bets.temp' is opened by 8176@Aitor-PC

[2022-10-09 13:45:47 #2 type] 
Type domain.Question is not enhanced.

[2022-10-09 13:45:47 #3 type] 
Type domain.Pronostikoa is not enhanced.

[2022-10-09 13:45:47 #4 type] 
Type domain.Event is not enhanced.

[2022-10-09 13:45:47 #5 type] 
Type domain.Apostua is not enhanced.

[2022-10-09 13:45:47 #6 type] 
Type domain.Pertsona is not enhanced.

[2022-10-09 13:45:47 #7 type] 
Type domain.Bezero is not enhanced.

[2022-10-09 13:45:47 #8 type] 
Type domain.Administratzaile is not enhanced.

------------------------------------------------------------------------------------------------------------------------

[2022-10-09 13:45:57 #1 store] 
Database 'E:\AITOR\Documents\Clase\Bets21\src\main\resources\bets.temp' has been recovered (tr. 35-35)

[2022-10-09 13:45:57 #2 store] 
Database 'E:\AITOR\Documents\Clase\Bets21\src\main\resources\bets.temp' is opened by 7040@Aitor-PC

[2022-10-09 13:45:57 #3 type] 
Type domain.Question is not enhanced.

[2022-10-09 13:45:57 #4 type] 
Type domain.Pronostikoa is not enhanced.

[2022-10-09 13:45:57 #5 type] 
Type domain.Event is not enhanced.

[2022-10-09 13:45:57 #6 type] 
Type domain.Apostua is not enhanced.

[2022-10-09 13:45:57 #7 type] 
Type domain.Pertsona is not enhanced.

[2022-10-09 13:45:57 #8 type] 
Type domain.Bezero is not enhanced.

[2022-10-09 13:45:57 #9 type] 
Type domain.Administratzaile is not enhanced.

------------------------------------------------------------------------------------------------------------------------

[2022-10-09 13:46:23 #1 store] 
Database 'E:\AITOR\Documents\Clase\Bets21\src\main\resources\bets.temp' is opened by 8788@Aitor-PC

[2022-10-09 13:46:24 #2 type] 
Type domain.Question is not enhanced.

[2022-10-09 13:46:24 #3 type] 
Type domain.Pronostikoa is not enhanced.

[2022-10-09 13:46:24 #4 type] 
Type domain.Event is not enhanced.

[2022-10-09 13:46:24 #5 type] 
Type domain.Apostua is not enhanced.

[2022-10-09 13:46:24 #6 type] 
Type domain.Pertsona is not enhanced.

[2022-10-09 13:46:24 #7 type] 
Type domain.Bezero is not enhanced.

[2022-10-09 13:46:24 #8 type] 
Type domain.Administratzaile is not enhanced.

------------------------------------------------------------------------------------------------------------------------

[2022-10-09 13:46:32 #1 store] 
Database 'E:\AITOR\Documents\Clase\Bets21\src\main\resources\bets.temp' is opened by 7720@Aitor-PC

[2022-10-09 13:46:33 #2 type] 
Type domain.Question is not enhanced.

[2022-10-09 13:46:33 #3 type] 
Type domain.Pronostikoa is not enhanced.

[2022-10-09 13:46:33 #4 type] 
Type domain.Event is not enhanced.

[2022-10-09 13:46:33 #5 type] 
Type domain.Apostua is not enhanced.

[2022-10-09 13:46:33 #6 type] 
Type domain.Pertsona is not enhanced.

[2022-10-09 13:46:33 #7 type] 
Type domain.Bezero is not enhanced.

[2022-10-09 13:46:33 #8 type] 
Type domain.Administratzaile is not enhanced.

------------------------------------------------------------------------------------------------------------------------

[2022-10-09 13:49:07 #1 store] 
Database 'E:\AITOR\Documents\Clase\Bets21\src\main\resources\bets.temp' is opened by 244@Aitor-PC

[2022-10-09 13:49:07 #2 type] 
Type domain.Question is not enhanced.

[2022-10-09 13:49:07 #3 type] 
Type domain.Pronostikoa is not enhanced.

[2022-10-09 13:49:07 #4 type] 
Type domain.Event is not enhanced.

[2022-10-09 13:49:07 #5 type] 
Type domain.Apostua is not enhanced.

[2022-10-09 13:49:07 #6 type] 
Type domain.Pertsona is not enhanced.

[2022-10-09 13:49:08 #7 type] 
Type domain.Bezero is not enhanced.

[2022-10-09 13:49:08 #8 type] 
Type domain.Administratzaile is not enhanced.

------------------------------------------------------------------------------------------------------------------------

[2022-10-09 13:50:05 #1 store] 
Database 'E:\AITOR\Documents\Clase\Bets21\src\main\resources\bets.temp' is opened by 16332@Aitor-PC

[2022-10-09 13:50:05 #2 type.registry] 
New type domain.Pertsona

[2022-10-09 13:50:05 #3 type] 
Type domain.Pertsona is not enhanced.

[2022-10-09 13:50:05 #4 type.registry] 
New type domain.Bezero

[2022-10-09 13:50:05 #5 type] 
Type domain.Bezero is not enhanced.

[2022-10-09 13:50:05 #6 type.registry] 
New type java.util.Vector<java.lang.Double>

[2022-10-09 13:50:05 #7 type.registry] 
New type java.util.Vector<domain.Bezero>

[2022-10-09 13:50:05 #8 type.registry] 
New type domain.Apostua

[2022-10-09 13:50:05 #9 type.registry] 
New type java.util.Vector<domain.Apostua>

[2022-10-09 13:50:05 #10 type] 
Type domain.Apostua is not enhanced.

[2022-10-09 13:50:05 #11 type.registry] 
New type domain.Pronostikoa

[2022-10-09 13:50:05 #12 type] 
Type domain.Pronostikoa is not enhanced.

[2022-10-09 13:50:05 #13 type.registry] 
New type domain.Question

[2022-10-09 13:50:05 #14 type] 
Type domain.Question is not enhanced.

[2022-10-09 13:50:05 #15 type.registry] 
New type domain.Event

[2022-10-09 13:50:05 #16 type] 
Type domain.Event is not enhanced.

[2022-10-09 13:50:05 #17 type.registry] 
New type java.util.Vector<java.lang.Object>

------------------------------------------------------------------------------------------------------------------------

[2022-10-09 13:52:53 #1 store] 
Database 'E:\AITOR\Documents\Clase\Bets21\src\main\resources\bets.temp' is opened by 5484@Aitor-PC

------------------------------------------------------------------------------------------------------------------------

[2022-10-09 13:54:45 #1 store] 
Database 'E:\AITOR\Documents\Clase\Bets21\src\main\resources\bets.temp' has been recovered (tr. 1-2)

[2022-10-09 13:54:45 #2 store] 
Database 'E:\AITOR\Documents\Clase\Bets21\src\main\resources\bets.temp' is opened by 16824@Aitor-PC

[2022-10-09 13:54:45 #3 type.registry] 
New type domain.Pertsona

[2022-10-09 13:54:45 #4 type] 
Type domain.Pertsona is not enhanced.

[2022-10-09 13:54:45 #5 type.registry] 
New type domain.Bezero

[2022-10-09 13:54:45 #6 type] 
Type domain.Bezero is not enhanced.

[2022-10-09 13:54:45 #7 type.registry] 
New type java.util.Vector<java.lang.Double>

[2022-10-09 13:54:45 #8 type.registry] 
New type java.util.Vector<domain.Bezero>

[2022-10-09 13:54:45 #9 type.registry] 
New type domain.Apostua

[2022-10-09 13:54:45 #10 type.registry] 
New type java.util.Vector<domain.Apostua>

[2022-10-09 13:54:45 #11 type] 
Type domain.Apostua is not enhanced.

[2022-10-09 13:54:45 #12 type.registry] 
New type domain.Pronostikoa

[2022-10-09 13:54:45 #13 type] 
Type domain.Pronostikoa is not enhanced.

[2022-10-09 13:54:45 #14 type.registry] 
New type domain.Question

[2022-10-09 13:54:45 #15 type] 
Type domain.Question is not enhanced.

[2022-10-09 13:54:45 #16 type.registry] 
New type domain.Event

[2022-10-09 13:54:45 #17 type] 
Type domain.Event is not enhanced.

[2022-10-09 13:54:45 #18 type.registry] 
New type java.util.Vector<java.lang.Object>

------------------------------------------------------------------------------------------------------------------------

[2022-10-09 13:57:13 #1 store] 
Database 'E:\AITOR\Documents\Clase\Bets21\src\main\resources\bets.temp' has been recovered (tr. 3-6)

[2022-10-09 13:57:13 #2 store] 
Database 'E:\AITOR\Documents\Clase\Bets21\src\main\resources\bets.temp' is opened by 14896@Aitor-PC

[2022-10-09 13:57:14 #3 type] 
Type domain.Pertsona is not enhanced.

[2022-10-09 13:57:14 #4 type] 
Type domain.Bezero is not enhanced.

[2022-10-09 13:57:14 #5 type] 
Type domain.Apostua is not enhanced.

[2022-10-09 13:57:14 #6 type] 
Type domain.Pronostikoa is not enhanced.

[2022-10-09 13:57:14 #7 type] 
Type domain.Question is not enhanced.

[2022-10-09 13:57:14 #8 type] 
Type domain.Event is not enhanced.

------------------------------------------------------------------------------------------------------------------------

[2022-10-09 14:00:04 #1 store] 
Database 'E:\AITOR\Documents\Clase\Bets21\src\main\resources\bets.temp' is opened by 8028@Aitor-PC

[2022-10-09 14:00:05 #2 type.registry] 
New type domain.Pertsona

[2022-10-09 14:00:05 #3 type] 
Type domain.Pertsona is not enhanced.

[2022-10-09 14:00:05 #4 type.registry] 
New type domain.Bezero

[2022-10-09 14:00:05 #5 type] 
Type domain.Bezero is not enhanced.

[2022-10-09 14:00:05 #6 type.registry] 
New type java.util.Vector<java.lang.Double>

[2022-10-09 14:00:05 #7 type.registry] 
New type java.util.Vector<domain.Bezero>

[2022-10-09 14:00:05 #8 type.registry] 
New type domain.Apostua

[2022-10-09 14:00:05 #9 type.registry] 
New type java.util.Vector<domain.Apostua>

[2022-10-09 14:00:05 #10 type] 
Type domain.Apostua is not enhanced.

[2022-10-09 14:00:05 #11 type.registry] 
New type domain.Pronostikoa

[2022-10-09 14:00:05 #12 type] 
Type domain.Pronostikoa is not enhanced.

[2022-10-09 14:00:05 #13 type.registry] 
New type domain.Question

[2022-10-09 14:00:05 #14 type] 
Type domain.Question is not enhanced.

[2022-10-09 14:00:05 #15 type.registry] 
New type domain.Event

[2022-10-09 14:00:05 #16 type] 
Type domain.Event is not enhanced.

[2022-10-09 14:00:05 #17 type.registry] 
New type java.util.Vector<java.lang.Object>

------------------------------------------------------------------------------------------------------------------------

[2022-10-09 14:17:05 #1 store] 
Database 'E:\AITOR\Documents\Clase\Bets21\src\main\resources\bets.temp' is opened by 1216@Aitor-PC

[2022-10-09 14:17:06 #2 type.registry] 
New type domain.Pertsona

[2022-10-09 14:17:06 #3 type] 
Type domain.Pertsona is not enhanced.

[2022-10-09 14:17:06 #4 type.registry] 
New type domain.Bezero

[2022-10-09 14:17:06 #5 type] 
Type domain.Bezero is not enhanced.

[2022-10-09 14:17:06 #6 type.registry] 
New type java.util.Vector<java.lang.Double>

[2022-10-09 14:17:06 #7 type.registry] 
New type java.util.Vector<domain.Bezero>

[2022-10-09 14:17:06 #8 type.registry] 
New type domain.Apostua

[2022-10-09 14:17:06 #9 type.registry] 
New type java.util.Vector<domain.Apostua>

[2022-10-09 14:17:06 #10 type] 
Type domain.Apostua is not enhanced.

[2022-10-09 14:17:06 #11 type.registry] 
New type domain.Pronostikoa

[2022-10-09 14:17:06 #12 type] 
Type domain.Pronostikoa is not enhanced.

[2022-10-09 14:17:06 #13 type.registry] 
New type domain.Question

[2022-10-09 14:17:06 #14 type] 
Type domain.Question is not enhanced.

[2022-10-09 14:17:06 #15 type.registry] 
New type domain.Event

[2022-10-09 14:17:06 #16 type] 
Type domain.Event is not enhanced.

[2022-10-09 14:17:06 #17 type.registry] 
New type java.util.Vector<java.lang.Object>

------------------------------------------------------------------------------------------------------------------------

[2022-10-09 14:18:45 #1 store] 
Database 'E:\AITOR\Documents\Clase\Bets21\src\main\resources\bets.temp' is opened by 8940@Aitor-PC

[2022-10-09 14:18:45 #2 type.registry] 
New type domain.Pertsona

[2022-10-09 14:18:45 #3 type] 
Type domain.Pertsona is not enhanced.

[2022-10-09 14:18:45 #4 type.registry] 
New type domain.Bezero

[2022-10-09 14:18:45 #5 type] 
Type domain.Bezero is not enhanced.

[2022-10-09 14:18:45 #6 type.registry] 
New type java.util.Vector<java.lang.Double>

[2022-10-09 14:18:45 #7 type.registry] 
New type java.util.Vector<domain.Bezero>

[2022-10-09 14:18:45 #8 type.registry] 
New type domain.Apostua

[2022-10-09 14:18:45 #9 type.registry] 
New type java.util.Vector<domain.Apostua>

[2022-10-09 14:18:45 #10 type] 
Type domain.Apostua is not enhanced.

[2022-10-09 14:18:45 #11 type.registry] 
New type domain.Pronostikoa

[2022-10-09 14:18:45 #12 type] 
Type domain.Pronostikoa is not enhanced.

[2022-10-09 14:18:45 #13 type.registry] 
New type domain.Question

[2022-10-09 14:18:45 #14 type] 
Type domain.Question is not enhanced.

[2022-10-09 14:18:46 #15 type.registry] 
New type domain.Event

[2022-10-09 14:18:46 #16 type] 
Type domain.Event is not enhanced.

[2022-10-09 14:18:46 #17 type.registry] 
New type java.util.Vector<java.lang.Object>

------------------------------------------------------------------------------------------------------------------------

[2022-10-09 14:21:11 #1 store] 
Database 'E:\AITOR\Documents\Clase\Bets21\src\main\resources\bets.temp' is opened by 7112@Aitor-PC

[2022-10-09 14:21:11 #2 type.registry] 
New type domain.Pertsona

[2022-10-09 14:21:11 #3 type] 
Type domain.Pertsona is not enhanced.

[2022-10-09 14:21:11 #4 type.registry] 
New type domain.Bezero

[2022-10-09 14:21:11 #5 type] 
Type domain.Bezero is not enhanced.

[2022-10-09 14:21:11 #6 type.registry] 
New type java.util.Vector<java.lang.Double>

[2022-10-09 14:21:11 #7 type.registry] 
New type java.util.Vector<domain.Bezero>

[2022-10-09 14:21:11 #8 type.registry] 
New type domain.Apostua

[2022-10-09 14:21:11 #9 type.registry] 
New type java.util.Vector<domain.Apostua>

[2022-10-09 14:21:11 #10 type] 
Type domain.Apostua is not enhanced.

[2022-10-09 14:21:11 #11 type.registry] 
New type domain.Pronostikoa

[2022-10-09 14:21:11 #12 type] 
Type domain.Pronostikoa is not enhanced.

[2022-10-09 14:21:11 #13 type.registry] 
New type domain.Question

[2022-10-09 14:21:11 #14 type] 
Type domain.Question is not enhanced.

[2022-10-09 14:21:11 #15 type.registry] 
New type domain.Event

[2022-10-09 14:21:11 #16 type] 
Type domain.Event is not enhanced.

[2022-10-09 14:21:11 #17 type.registry] 
New type java.util.Vector<java.lang.Object>

------------------------------------------------------------------------------------------------------------------------

[2022-10-09 22:41:15 #1 store] 
Database 'C:\Users\aitor\Desktop\Clase\HIRUGARREN MAILA\SI2\Bets21\src\main\resources\bets.temp' is opened by 2244@DESKTOP-M901S3E

[2022-10-09 22:41:15 #2 type.registry] 
New type domain.Event

[2022-10-09 22:41:15 #3 type] 
Type domain.Event is not enhanced.

[2022-10-09 22:41:15 #4 type.registry] 
New type domain.Question

[2022-10-09 22:41:15 #5 type] 
Type domain.Question is not enhanced.

[2022-10-09 22:41:15 #6 type.registry] 
New type domain.Pronostikoa

[2022-10-09 22:41:15 #7 type] 
Type domain.Pronostikoa is not enhanced.

[2022-10-09 22:41:15 #8 type.registry] 
New type domain.Apostua

[2022-10-09 22:41:15 #9 type] 
Type domain.Apostua is not enhanced.

[2022-10-09 22:41:15 #10 type.registry] 
New type domain.Pertsona

[2022-10-09 22:41:15 #11 type.registry] 
New type domain.Bezero

[2022-10-09 22:41:15 #12 type] 
Type domain.Pertsona is not enhanced.

[2022-10-09 22:41:15 #13 type] 
Type domain.Bezero is not enhanced.

[2022-10-09 22:41:15 #14 type.registry] 
New type java.util.Vector<java.lang.Double>

[2022-10-09 22:41:15 #15 type.registry] 
New type java.util.Vector<domain.Bezero>

[2022-10-09 22:41:15 #16 type.registry] 
New type java.util.Vector<domain.Apostua>

[2022-10-09 22:41:15 #17 type.registry] 
New type java.util.Vector<java.lang.Object>

[2022-10-09 22:41:15 #18 type.registry] 
New type java.util.Vector<domain.Question>

[2022-10-09 22:41:15 #19 type.registry] 
New type java.util.Vector<domain.Pronostikoa>

------------------------------------------------------------------------------------------------------------------------

[2022-10-09 22:42:30 #1 store] 
Database 'C:\Users\aitor\Desktop\Clase\HIRUGARREN MAILA\SI2\Bets21\src\main\resources\bets.temp' is opened by 7656@DESKTOP-M901S3E

[2022-10-09 22:42:30 #2 type.registry] 
New type domain.Event

[2022-10-09 22:42:30 #3 type] 
Type domain.Event is not enhanced.

[2022-10-09 22:42:30 #4 type.registry] 
New type domain.Question

[2022-10-09 22:42:30 #5 type] 
Type domain.Question is not enhanced.

[2022-10-09 22:42:30 #6 type.registry] 
New type domain.Pronostikoa

[2022-10-09 22:42:30 #7 type] 
Type domain.Pronostikoa is not enhanced.

[2022-10-09 22:42:30 #8 type.registry] 
New type domain.Apostua

[2022-10-09 22:42:30 #9 type] 
Type domain.Apostua is not enhanced.

[2022-10-09 22:42:30 #10 type.registry] 
New type domain.Pertsona

[2022-10-09 22:42:30 #11 type.registry] 
New type domain.Bezero

[2022-10-09 22:42:30 #12 type] 
Type domain.Pertsona is not enhanced.

[2022-10-09 22:42:30 #13 type] 
Type domain.Bezero is not enhanced.

[2022-10-09 22:42:30 #14 type.registry] 
New type java.util.Vector<java.lang.Double>

[2022-10-09 22:42:30 #15 type.registry] 
New type java.util.Vector<domain.Bezero>

[2022-10-09 22:42:30 #16 type.registry] 
New type java.util.Vector<domain.Apostua>

[2022-10-09 22:42:30 #17 type.registry] 
New type java.util.Vector<java.lang.Object>

[2022-10-09 22:42:30 #18 type.registry] 
New type java.util.Vector<domain.Question>

[2022-10-09 22:42:30 #19 type.registry] 
New type java.util.Vector<domain.Pronostikoa>

------------------------------------------------------------------------------------------------------------------------

[2022-10-09 22:42:36 #1 store] 
Database 'C:\Users\aitor\Desktop\Clase\HIRUGARREN MAILA\SI2\Bets21\src\main\resources\bets.temp' is opened by 9648@DESKTOP-M901S3E

[2022-10-09 22:42:37 #2 type.registry] 
New type domain.Event

[2022-10-09 22:42:37 #3 type] 
Type domain.Event is not enhanced.

[2022-10-09 22:42:37 #4 type.registry] 
New type domain.Question

[2022-10-09 22:42:37 #5 type] 
Type domain.Question is not enhanced.

[2022-10-09 22:42:37 #6 type.registry] 
New type domain.Pronostikoa

[2022-10-09 22:42:37 #7 type] 
Type domain.Pronostikoa is not enhanced.

[2022-10-09 22:42:37 #8 type.registry] 
New type domain.Apostua

[2022-10-09 22:42:37 #9 type] 
Type domain.Apostua is not enhanced.

[2022-10-09 22:42:37 #10 type.registry] 
New type domain.Pertsona

[2022-10-09 22:42:37 #11 type.registry] 
New type domain.Bezero

[2022-10-09 22:42:37 #12 type] 
Type domain.Pertsona is not enhanced.

[2022-10-09 22:42:37 #13 type] 
Type domain.Bezero is not enhanced.

[2022-10-09 22:42:37 #14 type.registry] 
New type java.util.Vector<java.lang.Double>

[2022-10-09 22:42:37 #15 type.registry] 
New type java.util.Vector<domain.Bezero>

[2022-10-09 22:42:37 #16 type.registry] 
New type java.util.Vector<domain.Apostua>

[2022-10-09 22:42:37 #17 type.registry] 
New type java.util.Vector<java.lang.Object>

[2022-10-09 22:42:37 #18 type.registry] 
New type java.util.Vector<domain.Question>

[2022-10-09 22:42:37 #19 type.registry] 
New type java.util.Vector<domain.Pronostikoa>

