------------------------------------------------------------------------------------------------------------------------

[2021-04-06 13:49:54 #1 store] 
Database '/Users/itziarirastorza/Desktop/Bets21/src/main/resources/bets.temp' is opened by 2419@MacBook-Pro-de-Itziar.local

[2021-04-06 13:49:54 #2 type] 
Type domain.Question is not enhanced.

[2021-04-06 13:49:54 #3 type] 
Type domain.Pronostikoa is not enhanced.

[2021-04-06 13:49:54 #4 type] 
Type domain.Event is not enhanced.

[2021-04-06 13:49:54 #5 type] 
Type domain.Apostua is not enhanced.

[2021-04-06 13:49:54 #6 type] 
Type domain.Pertsona is not enhanced.

[2021-04-06 13:49:54 #7 type] 
Type domain.Bezero is not enhanced.

[2021-04-06 13:49:54 #8 type] 
Type domain.Administratzaile is not enhanced.

------------------------------------------------------------------------------------------------------------------------

[2021-04-06 13:55:10 #1 store] 
Database '/Users/itziarirastorza/Desktop/Bets21/src/main/resources/bets.temp' has been recovered (tr. 7-9)

[2021-04-06 13:55:10 #2 store] 
Database '/Users/itziarirastorza/Desktop/Bets21/src/main/resources/bets.temp' is opened by 2432@MacBook-Pro-de-Itziar.local

[2021-04-06 13:55:10 #3 type] 
Type domain.Question is not enhanced.

[2021-04-06 13:55:10 #4 type] 
Type domain.Pronostikoa is not enhanced.

[2021-04-06 13:55:11 #5 type] 
Type domain.Event is not enhanced.

[2021-04-06 13:55:11 #6 type] 
Type domain.Apostua is not enhanced.

[2021-04-06 13:55:11 #7 type] 
Type domain.Pertsona is not enhanced.

[2021-04-06 13:55:11 #8 type] 
Type domain.Bezero is not enhanced.

[2021-04-06 13:55:11 #9 type] 
Type domain.Administratzaile is not enhanced.

------------------------------------------------------------------------------------------------------------------------

[2021-04-06 14:03:15 #1 store] 
Database '/Users/itziarirastorza/Desktop/Bets21/src/main/resources/bets.temp' is opened by 2479@MacBook-Pro-de-Itziar.local

[2021-04-06 14:03:15 #2 type] 
Type domain.Question is not enhanced.

[2021-04-06 14:03:15 #3 type] 
Type domain.Pronostikoa is not enhanced.

[2021-04-06 14:03:15 #4 type] 
Type domain.Event is not enhanced.

[2021-04-06 14:03:15 #5 type] 
Type domain.Apostua is not enhanced.

[2021-04-06 14:03:15 #6 type] 
Type domain.Pertsona is not enhanced.

[2021-04-06 14:03:15 #7 type] 
Type domain.Bezero is not enhanced.

[2021-04-06 14:03:15 #8 type] 
Type domain.Administratzaile is not enhanced.

------------------------------------------------------------------------------------------------------------------------

[2021-04-06 14:04:21 #1 store] 
Database '/Users/itziarirastorza/Desktop/Bets21/src/main/resources/bets.temp' is opened by 2484@MacBook-Pro-de-Itziar.local

[2021-04-06 14:04:21 #2 type] 
Type domain.Question is not enhanced.

[2021-04-06 14:04:21 #3 type] 
Type domain.Pronostikoa is not enhanced.

[2021-04-06 14:04:21 #4 type] 
Type domain.Event is not enhanced.

[2021-04-06 14:04:21 #5 type] 
Type domain.Apostua is not enhanced.

[2021-04-06 14:04:21 #6 type] 
Type domain.Pertsona is not enhanced.

[2021-04-06 14:04:21 #7 type] 
Type domain.Bezero is not enhanced.

[2021-04-06 14:04:21 #8 type] 
Type domain.Administratzaile is not enhanced.

------------------------------------------------------------------------------------------------------------------------

[2021-04-06 14:06:04 #1 store] 
Database '/Users/itziarirastorza/Desktop/Bets21/src/main/resources/bets.temp' is opened by 2493@MacBook-Pro-de-Itziar.local

[2021-04-06 14:06:04 #2 type] 
Type domain.Question is not enhanced.

[2021-04-06 14:06:04 #3 type] 
Type domain.Pronostikoa is not enhanced.

[2021-04-06 14:06:04 #4 type] 
Type domain.Event is not enhanced.

[2021-04-06 14:06:04 #5 type] 
Type domain.Apostua is not enhanced.

[2021-04-06 14:06:04 #6 type] 
Type domain.Pertsona is not enhanced.

[2021-04-06 14:06:04 #7 type] 
Type domain.Bezero is not enhanced.

[2021-04-06 14:06:04 #8 type] 
Type domain.Administratzaile is not enhanced.

------------------------------------------------------------------------------------------------------------------------

[2021-04-06 14:06:22 #1 store] 
Database '/Users/itziarirastorza/Desktop/Bets21/src/main/resources/bets.temp' is opened by 2494@MacBook-Pro-de-Itziar.local

[2021-04-06 14:06:22 #2 type] 
Type domain.Question is not enhanced.

[2021-04-06 14:06:22 #3 type] 
Type domain.Pronostikoa is not enhanced.

[2021-04-06 14:06:22 #4 type] 
Type domain.Event is not enhanced.

[2021-04-06 14:06:22 #5 type] 
Type domain.Apostua is not enhanced.

[2021-04-06 14:06:22 #6 type] 
Type domain.Pertsona is not enhanced.

[2021-04-06 14:06:22 #7 type] 
Type domain.Bezero is not enhanced.

[2021-04-06 14:06:22 #8 type] 
Type domain.Administratzaile is not enhanced.

------------------------------------------------------------------------------------------------------------------------

[2021-04-06 14:08:59 #1 store] 
Database '/Users/itziarirastorza/Desktop/Bets21/src/main/resources/bets.temp' is opened by 2509@MacBook-Pro-de-Itziar.local

[2021-04-06 14:08:59 #2 type] 
Type domain.Question is not enhanced.

[2021-04-06 14:08:59 #3 type] 
Type domain.Pronostikoa is not enhanced.

[2021-04-06 14:08:59 #4 type] 
Type domain.Event is not enhanced.

[2021-04-06 14:08:59 #5 type] 
Type domain.Apostua is not enhanced.

[2021-04-06 14:08:59 #6 type] 
Type domain.Pertsona is not enhanced.

[2021-04-06 14:08:59 #7 type] 
Type domain.Bezero is not enhanced.

[2021-04-06 14:08:59 #8 type] 
Type domain.Administratzaile is not enhanced.

------------------------------------------------------------------------------------------------------------------------

[2021-04-06 14:11:15 #1 store] 
Database '/Users/itziarirastorza/Desktop/Bets21/src/main/resources/bets.temp' is opened by 2523@MacBook-Pro-de-Itziar.local

[2021-04-06 14:11:15 #2 type] 
Type domain.Question is not enhanced.

[2021-04-06 14:11:15 #3 type] 
Type domain.Pronostikoa is not enhanced.

[2021-04-06 14:11:15 #4 type] 
Type domain.Event is not enhanced.

[2021-04-06 14:11:15 #5 type] 
Type domain.Apostua is not enhanced.

[2021-04-06 14:11:15 #6 type] 
Type domain.Pertsona is not enhanced.

[2021-04-06 14:11:15 #7 type] 
Type domain.Bezero is not enhanced.

[2021-04-06 14:11:15 #8 type] 
Type domain.Administratzaile is not enhanced.

------------------------------------------------------------------------------------------------------------------------

[2021-04-06 14:13:06 #1 store] 
Database '/Users/itziarirastorza/Desktop/Bets21/src/main/resources/bets.temp' is opened by 2533@MacBook-Pro-de-Itziar.local

[2021-04-06 14:13:06 #2 type] 
Type domain.Question is not enhanced.

[2021-04-06 14:13:06 #3 type] 
Type domain.Pronostikoa is not enhanced.

[2021-04-06 14:13:06 #4 type] 
Type domain.Event is not enhanced.

[2021-04-06 14:13:06 #5 type] 
Type domain.Apostua is not enhanced.

[2021-04-06 14:13:06 #6 type] 
Type domain.Pertsona is not enhanced.

[2021-04-06 14:13:06 #7 type] 
Type domain.Bezero is not enhanced.

[2021-04-06 14:13:06 #8 type] 
Type domain.Administratzaile is not enhanced.

------------------------------------------------------------------------------------------------------------------------

[2021-04-06 14:14:20 #1 store] 
Database '/Users/itziarirastorza/Desktop/Bets21/src/main/resources/bets.temp' is opened by 2538@MacBook-Pro-de-Itziar.local

[2021-04-06 14:14:20 #2 type] 
Type domain.Question is not enhanced.

[2021-04-06 14:14:20 #3 type] 
Type domain.Pronostikoa is not enhanced.

[2021-04-06 14:14:20 #4 type] 
Type domain.Event is not enhanced.

[2021-04-06 14:14:20 #5 type] 
Type domain.Apostua is not enhanced.

[2021-04-06 14:14:20 #6 type] 
Type domain.Pertsona is not enhanced.

[2021-04-06 14:14:20 #7 type] 
Type domain.Bezero is not enhanced.

[2021-04-06 14:14:20 #8 type] 
Type domain.Administratzaile is not enhanced.

------------------------------------------------------------------------------------------------------------------------

[2021-04-06 14:15:21 #1 store] 
Database '/Users/itziarirastorza/Desktop/Bets21/src/main/resources/bets.temp' is opened by 2547@MacBook-Pro-de-Itziar.local

[2021-04-06 14:15:21 #2 type] 
Type domain.Question is not enhanced.

[2021-04-06 14:15:21 #3 type] 
Type domain.Pronostikoa is not enhanced.

[2021-04-06 14:15:21 #4 type] 
Type domain.Event is not enhanced.

[2021-04-06 14:15:21 #5 type] 
Type domain.Apostua is not enhanced.

[2021-04-06 14:15:21 #6 type] 
Type domain.Pertsona is not enhanced.

[2021-04-06 14:15:21 #7 type] 
Type domain.Bezero is not enhanced.

[2021-04-06 14:15:21 #8 type] 
Type domain.Administratzaile is not enhanced.

------------------------------------------------------------------------------------------------------------------------

[2021-04-06 14:19:47 #1 store] 
Database '/Users/itziarirastorza/Desktop/Bets21/src/main/resources/bets.temp' is opened by 2575@MacBook-Pro-de-Itziar.local

[2021-04-06 14:19:47 #2 type] 
Type domain.Question is not enhanced.

[2021-04-06 14:19:47 #3 type] 
Type domain.Pronostikoa is not enhanced.

[2021-04-06 14:19:47 #4 type] 
Type domain.Event is not enhanced.

[2021-04-06 14:19:47 #5 type] 
Type domain.Apostua is not enhanced.

[2021-04-06 14:19:47 #6 type] 
Type domain.Pertsona is not enhanced.

[2021-04-06 14:19:47 #7 type] 
Type domain.Bezero is not enhanced.

[2021-04-06 14:19:47 #8 type] 
Type domain.Administratzaile is not enhanced.

------------------------------------------------------------------------------------------------------------------------

[2021-04-06 14:20:05 #1 store] 
Database '/Users/itziarirastorza/Desktop/Bets21/src/main/resources/bets.temp' is opened by 2578@MacBook-Pro-de-Itziar.local

[2021-04-06 14:20:05 #2 type] 
Type domain.Question is not enhanced.

[2021-04-06 14:20:05 #3 type] 
Type domain.Pronostikoa is not enhanced.

[2021-04-06 14:20:05 #4 type] 
Type domain.Event is not enhanced.

[2021-04-06 14:20:05 #5 type] 
Type domain.Apostua is not enhanced.

[2021-04-06 14:20:05 #6 type] 
Type domain.Pertsona is not enhanced.

[2021-04-06 14:20:05 #7 type] 
Type domain.Bezero is not enhanced.

[2021-04-06 14:20:05 #8 type] 
Type domain.Administratzaile is not enhanced.

------------------------------------------------------------------------------------------------------------------------

[2021-04-06 14:21:14 #1 store] 
Database '/Users/itziarirastorza/Desktop/Bets21/src/main/resources/bets.temp' is opened by 2583@MacBook-Pro-de-Itziar.local

[2021-04-06 14:21:14 #2 type] 
Type domain.Question is not enhanced.

[2021-04-06 14:21:14 #3 type] 
Type domain.Pronostikoa is not enhanced.

[2021-04-06 14:21:14 #4 type] 
Type domain.Event is not enhanced.

[2021-04-06 14:21:14 #5 type] 
Type domain.Apostua is not enhanced.

[2021-04-06 14:21:14 #6 type] 
Type domain.Pertsona is not enhanced.

[2021-04-06 14:21:14 #7 type] 
Type domain.Bezero is not enhanced.

[2021-04-06 14:21:14 #8 type] 
Type domain.Administratzaile is not enhanced.

------------------------------------------------------------------------------------------------------------------------

[2021-04-06 14:22:54 #1 store] 
Database '/Users/itziarirastorza/Desktop/Bets21/src/main/resources/bets.temp' is opened by 2590@MacBook-Pro-de-Itziar.local

[2021-04-06 14:22:54 #2 type] 
Type domain.Question is not enhanced.

[2021-04-06 14:22:54 #3 type] 
Type domain.Pronostikoa is not enhanced.

[2021-04-06 14:22:54 #4 type] 
Type domain.Event is not enhanced.

[2021-04-06 14:22:54 #5 type] 
Type domain.Apostua is not enhanced.

[2021-04-06 14:22:54 #6 type] 
Type domain.Pertsona is not enhanced.

[2021-04-06 14:22:54 #7 type] 
Type domain.Bezero is not enhanced.

[2021-04-06 14:22:54 #8 type] 
Type domain.Administratzaile is not enhanced.

------------------------------------------------------------------------------------------------------------------------

[2021-04-06 14:23:43 #1 store] 
Database '/Users/itziarirastorza/Desktop/Bets21/src/main/resources/bets.temp' is opened by 2593@MacBook-Pro-de-Itziar.local

[2021-04-06 14:23:43 #2 type] 
Type domain.Question is not enhanced.

[2021-04-06 14:23:43 #3 type] 
Type domain.Pronostikoa is not enhanced.

[2021-04-06 14:23:43 #4 type] 
Type domain.Event is not enhanced.

[2021-04-06 14:23:43 #5 type] 
Type domain.Apostua is not enhanced.

[2021-04-06 14:23:43 #6 type] 
Type domain.Pertsona is not enhanced.

[2021-04-06 14:23:43 #7 type] 
Type domain.Bezero is not enhanced.

[2021-04-06 14:23:43 #8 type] 
Type domain.Administratzaile is not enhanced.

------------------------------------------------------------------------------------------------------------------------

[2021-04-06 14:25:34 #1 store] 
Database '/Users/itziarirastorza/Desktop/Bets21/src/main/resources/bets.temp' is opened by 2603@MacBook-Pro-de-Itziar.local

[2021-04-06 14:25:34 #2 type] 
Type domain.Question is not enhanced.

[2021-04-06 14:25:34 #3 type] 
Type domain.Pronostikoa is not enhanced.

[2021-04-06 14:25:34 #4 type] 
Type domain.Event is not enhanced.

[2021-04-06 14:25:34 #5 type] 
Type domain.Apostua is not enhanced.

[2021-04-06 14:25:34 #6 type] 
Type domain.Pertsona is not enhanced.

[2021-04-06 14:25:34 #7 type] 
Type domain.Bezero is not enhanced.

[2021-04-06 14:25:34 #8 type] 
Type domain.Administratzaile is not enhanced.

------------------------------------------------------------------------------------------------------------------------

[2021-04-06 14:26:45 #1 store] 
Database '/Users/itziarirastorza/Desktop/Bets21/src/main/resources/bets.temp' is opened by 2608@MacBook-Pro-de-Itziar.local

[2021-04-06 14:26:45 #2 type] 
Type domain.Question is not enhanced.

[2021-04-06 14:26:45 #3 type] 
Type domain.Pronostikoa is not enhanced.

[2021-04-06 14:26:45 #4 type] 
Type domain.Event is not enhanced.

[2021-04-06 14:26:45 #5 type] 
Type domain.Apostua is not enhanced.

[2021-04-06 14:26:45 #6 type] 
Type domain.Pertsona is not enhanced.

[2021-04-06 14:26:45 #7 type] 
Type domain.Bezero is not enhanced.

[2021-04-06 14:26:45 #8 type] 
Type domain.Administratzaile is not enhanced.

------------------------------------------------------------------------------------------------------------------------

[2021-04-06 14:30:27 #1 store] 
Database '/Users/itziarirastorza/Desktop/Bets21/src/main/resources/bets.temp' is opened by 2622@MacBook-Pro-de-Itziar.local

[2021-04-06 14:30:27 #2 type.registry] 
New type domain.Question

[2021-04-06 14:30:27 #3 type] 
Type domain.Question is not enhanced.

[2021-04-06 14:30:27 #4 type.registry] 
New type domain.Pronostikoa

[2021-04-06 14:30:27 #5 type.registry] 
New type java.util.Vector<domain.Pronostikoa>

[2021-04-06 14:30:27 #6 type.registry] 
New type domain.Event

[2021-04-06 14:30:27 #7 type] 
Type domain.Pronostikoa is not enhanced.

[2021-04-06 14:30:27 #8 type.registry] 
New type domain.Apostua

[2021-04-06 14:30:27 #9 type.registry] 
New type java.util.Vector<domain.Apostua>

[2021-04-06 14:30:27 #10 type] 
Type domain.Event is not enhanced.

[2021-04-06 14:30:27 #11 type.registry] 
New type java.util.Vector<domain.Question>

[2021-04-06 14:30:27 #12 type] 
Type domain.Apostua is not enhanced.

[2021-04-06 14:30:27 #13 type.registry] 
New type domain.Pertsona

[2021-04-06 14:30:27 #14 type.registry] 
New type domain.Bezero

[2021-04-06 14:30:27 #15 type] 
Type domain.Pertsona is not enhanced.

[2021-04-06 14:30:27 #16 type] 
Type domain.Bezero is not enhanced.

[2021-04-06 14:30:27 #17 type.registry] 
New type domain.Administratzaile

[2021-04-06 14:30:27 #18 type] 
Type domain.Administratzaile is not enhanced.

[2021-04-06 14:30:27 #19 type.registry] 
New type java.util.Vector<java.lang.Object>

------------------------------------------------------------------------------------------------------------------------

[2021-04-06 14:32:33 #1 store] 
Database '/Users/itziarirastorza/Desktop/Bets21/src/main/resources/bets.temp' is opened by 2633@MacBook-Pro-de-Itziar.local

[2021-04-06 14:32:33 #2 type.registry] 
New type domain.Question

[2021-04-06 14:32:33 #3 type] 
Type domain.Question is not enhanced.

[2021-04-06 14:32:33 #4 type.registry] 
New type domain.Pronostikoa

[2021-04-06 14:32:33 #5 type.registry] 
New type java.util.Vector<domain.Pronostikoa>

[2021-04-06 14:32:33 #6 type.registry] 
New type domain.Event

[2021-04-06 14:32:33 #7 type] 
Type domain.Pronostikoa is not enhanced.

[2021-04-06 14:32:33 #8 type.registry] 
New type domain.Apostua

[2021-04-06 14:32:33 #9 type.registry] 
New type java.util.Vector<domain.Apostua>

[2021-04-06 14:32:33 #10 type] 
Type domain.Event is not enhanced.

[2021-04-06 14:32:33 #11 type.registry] 
New type java.util.Vector<domain.Question>

[2021-04-06 14:32:33 #12 type] 
Type domain.Apostua is not enhanced.

[2021-04-06 14:32:33 #13 type.registry] 
New type domain.Pertsona

[2021-04-06 14:32:33 #14 type.registry] 
New type domain.Bezero

[2021-04-06 14:32:33 #15 type] 
Type domain.Pertsona is not enhanced.

[2021-04-06 14:32:33 #16 type] 
Type domain.Bezero is not enhanced.

[2021-04-06 14:32:33 #17 type.registry] 
New type domain.Administratzaile

[2021-04-06 14:32:33 #18 type] 
Type domain.Administratzaile is not enhanced.

[2021-04-06 14:32:33 #19 type.registry] 
New type java.util.Vector<java.lang.Object>

------------------------------------------------------------------------------------------------------------------------

[2021-04-06 14:33:14 #1 store] 
Database '/Users/itziarirastorza/Desktop/Bets21/src/main/resources/bets.temp' has been recovered (tr. 1-6)

[2021-04-06 14:33:14 #2 store] 
Database '/Users/itziarirastorza/Desktop/Bets21/src/main/resources/bets.temp' is opened by 2643@MacBook-Pro-de-Itziar.local

[2021-04-06 14:33:14 #3 type] 
Type domain.Question is not enhanced.

[2021-04-06 14:33:14 #4 type] 
Type domain.Pronostikoa is not enhanced.

[2021-04-06 14:33:14 #5 type] 
Type domain.Event is not enhanced.

[2021-04-06 14:33:14 #6 type] 
Type domain.Apostua is not enhanced.

[2021-04-06 14:33:14 #7 type] 
Type domain.Pertsona is not enhanced.

[2021-04-06 14:33:14 #8 type] 
Type domain.Bezero is not enhanced.

[2021-04-06 14:33:14 #9 type] 
Type domain.Administratzaile is not enhanced.

------------------------------------------------------------------------------------------------------------------------

[2021-04-06 14:34:28 #1 store] 
Database '/Users/itziarirastorza/Desktop/Bets21/src/main/resources/bets.temp' is opened by 2661@MacBook-Pro-de-Itziar.local

[2021-04-06 14:34:28 #2 type] 
Type domain.Question is not enhanced.

[2021-04-06 14:34:28 #3 type] 
Type domain.Pronostikoa is not enhanced.

[2021-04-06 14:34:28 #4 type] 
Type domain.Event is not enhanced.

[2021-04-06 14:34:28 #5 type] 
Type domain.Apostua is not enhanced.

[2021-04-06 14:34:28 #6 type] 
Type domain.Pertsona is not enhanced.

[2021-04-06 14:34:28 #7 type] 
Type domain.Bezero is not enhanced.

[2021-04-06 14:34:28 #8 type] 
Type domain.Administratzaile is not enhanced.

------------------------------------------------------------------------------------------------------------------------

[2021-04-06 14:38:50 #1 store] 
Database '/Users/itziarirastorza/Desktop/Bets21/src/main/resources/bets.temp' has been recovered (tr. 7-9)

[2021-04-06 14:38:51 #2 store] 
Database '/Users/itziarirastorza/Desktop/Bets21/src/main/resources/bets.temp' is opened by 2695@MacBook-Pro-de-Itziar.local

[2021-04-06 14:38:51 #3 type] 
Type domain.Question is not enhanced.

[2021-04-06 14:38:51 #4 type] 
Type domain.Pronostikoa is not enhanced.

[2021-04-06 14:38:51 #5 type] 
Type domain.Event is not enhanced.

[2021-04-06 14:38:51 #6 type] 
Type domain.Apostua is not enhanced.

[2021-04-06 14:38:51 #7 type] 
Type domain.Pertsona is not enhanced.

[2021-04-06 14:38:51 #8 type] 
Type domain.Bezero is not enhanced.

[2021-04-06 14:38:51 #9 type] 
Type domain.Administratzaile is not enhanced.

------------------------------------------------------------------------------------------------------------------------

[2021-04-06 14:47:46 #1 store] 
Database '/Users/itziarirastorza/Desktop/Bets21/src/main/resources/bets.temp' is opened by 2731@MacBook-Pro-de-Itziar.local

[2021-04-06 14:47:46 #2 type] 
Type domain.Question is not enhanced.

[2021-04-06 14:47:46 #3 type] 
Type domain.Pronostikoa is not enhanced.

[2021-04-06 14:47:46 #4 type] 
Type domain.Event is not enhanced.

[2021-04-06 14:47:46 #5 type] 
Type domain.Apostua is not enhanced.

[2021-04-06 14:47:46 #6 type] 
Type domain.Pertsona is not enhanced.

[2021-04-06 14:47:46 #7 type] 
Type domain.Bezero is not enhanced.

[2021-04-06 14:47:46 #8 type] 
Type domain.Administratzaile is not enhanced.

------------------------------------------------------------------------------------------------------------------------

[2021-04-06 14:49:11 #1 store] 
Database '/Users/itziarirastorza/Desktop/Bets21/src/main/resources/bets.temp' has been recovered (tr. 10-10)

[2021-04-06 14:49:11 #2 store] 
Database '/Users/itziarirastorza/Desktop/Bets21/src/main/resources/bets.temp' is opened by 2744@MacBook-Pro-de-Itziar.local

[2021-04-06 14:49:11 #3 type] 
Type domain.Question is not enhanced.

[2021-04-06 14:49:11 #4 type] 
Type domain.Pronostikoa is not enhanced.

[2021-04-06 14:49:11 #5 type] 
Type domain.Event is not enhanced.

[2021-04-06 14:49:11 #6 type] 
Type domain.Apostua is not enhanced.

[2021-04-06 14:49:11 #7 type] 
Type domain.Pertsona is not enhanced.

[2021-04-06 14:49:11 #8 type] 
Type domain.Bezero is not enhanced.

[2021-04-06 14:49:11 #9 type] 
Type domain.Administratzaile is not enhanced.

------------------------------------------------------------------------------------------------------------------------

[2021-04-06 14:50:59 #1 store] 
Database '/Users/itziarirastorza/Desktop/Bets21/src/main/resources/bets.temp' is opened by 2748@MacBook-Pro-de-Itziar.local

[2021-04-06 14:50:59 #2 type] 
Type domain.Question is not enhanced.

[2021-04-06 14:50:59 #3 type] 
Type domain.Pronostikoa is not enhanced.

[2021-04-06 14:50:59 #4 type] 
Type domain.Event is not enhanced.

[2021-04-06 14:50:59 #5 type] 
Type domain.Apostua is not enhanced.

[2021-04-06 14:50:59 #6 type] 
Type domain.Pertsona is not enhanced.

[2021-04-06 14:50:59 #7 type] 
Type domain.Bezero is not enhanced.

[2021-04-06 14:50:59 #8 type] 
Type domain.Administratzaile is not enhanced.

------------------------------------------------------------------------------------------------------------------------

[2021-04-06 15:35:45 #1 store] 
Database '/Users/itziarirastorza/Desktop/Bets21/src/main/resources/bets.temp' has been recovered (tr. 11-11)

[2021-04-06 15:35:46 #2 store] 
Database '/Users/itziarirastorza/Desktop/Bets21/src/main/resources/bets.temp' is opened by 2893@MacBook-Pro-de-Itziar.local

[2021-04-06 15:35:46 #3 type] 
Type domain.Question is not enhanced.

[2021-04-06 15:35:46 #4 type] 
Type domain.Pronostikoa is not enhanced.

[2021-04-06 15:35:46 #5 type] 
Type domain.Event is not enhanced.

[2021-04-06 15:35:46 #6 type] 
Type domain.Apostua is not enhanced.

[2021-04-06 15:35:46 #7 type] 
Type domain.Pertsona is not enhanced.

[2021-04-06 15:35:46 #8 type] 
Type domain.Bezero is not enhanced.

[2021-04-06 15:35:46 #9 type] 
Type domain.Administratzaile is not enhanced.

------------------------------------------------------------------------------------------------------------------------

[2021-04-06 15:38:44 #1 store] 
Database '/Users/itziarirastorza/Desktop/Bets21/src/main/resources/bets.temp' is opened by 2901@MacBook-Pro-de-Itziar.local

[2021-04-06 15:38:44 #2 type] 
Type domain.Question is not enhanced.

[2021-04-06 15:38:44 #3 type] 
Type domain.Pronostikoa is not enhanced.

[2021-04-06 15:38:44 #4 type] 
Type domain.Event is not enhanced.

[2021-04-06 15:38:44 #5 type] 
Type domain.Apostua is not enhanced.

[2021-04-06 15:38:44 #6 type] 
Type domain.Pertsona is not enhanced.

[2021-04-06 15:38:44 #7 type] 
Type domain.Bezero is not enhanced.

[2021-04-06 15:38:44 #8 type] 
Type domain.Administratzaile is not enhanced.

------------------------------------------------------------------------------------------------------------------------

[2021-04-06 15:42:17 #1 store] 
Database '/Users/itziarirastorza/Desktop/Bets21/src/main/resources/bets.temp' is opened by 2909@MacBook-Pro-de-Itziar.local

[2021-04-06 15:42:17 #2 type] 
Type domain.Question is not enhanced.

[2021-04-06 15:42:17 #3 type] 
Type domain.Pronostikoa is not enhanced.

[2021-04-06 15:42:17 #4 type] 
Type domain.Event is not enhanced.

[2021-04-06 15:42:17 #5 type] 
Type domain.Apostua is not enhanced.

[2021-04-06 15:42:17 #6 type] 
Type domain.Pertsona is not enhanced.

[2021-04-06 15:42:17 #7 type] 
Type domain.Bezero is not enhanced.

[2021-04-06 15:42:17 #8 type] 
Type domain.Administratzaile is not enhanced.

------------------------------------------------------------------------------------------------------------------------

[2021-04-06 15:42:37 #1 store] 
Database '/Users/itziarirastorza/Desktop/Bets21/src/main/resources/bets.temp' is opened by 2910@MacBook-Pro-de-Itziar.local

[2021-04-06 15:42:37 #2 type] 
Type domain.Question is not enhanced.

[2021-04-06 15:42:37 #3 type] 
Type domain.Pronostikoa is not enhanced.

[2021-04-06 15:42:37 #4 type] 
Type domain.Event is not enhanced.

[2021-04-06 15:42:37 #5 type] 
Type domain.Apostua is not enhanced.

[2021-04-06 15:42:37 #6 type] 
Type domain.Pertsona is not enhanced.

[2021-04-06 15:42:37 #7 type] 
Type domain.Bezero is not enhanced.

[2021-04-06 15:42:37 #8 type] 
Type domain.Administratzaile is not enhanced.

------------------------------------------------------------------------------------------------------------------------

[2021-04-06 15:48:47 #1 store] 
Database '/Users/itziarirastorza/Desktop/Bets21/src/main/resources/bets.temp' is opened by 2946@MacBook-Pro-de-Itziar.local

[2021-04-06 15:48:47 #2 type] 
Type domain.Question is not enhanced.

[2021-04-06 15:48:47 #3 type] 
Type domain.Pronostikoa is not enhanced.

[2021-04-06 15:48:47 #4 type] 
Type domain.Event is not enhanced.

[2021-04-06 15:48:47 #5 type] 
Type domain.Apostua is not enhanced.

[2021-04-06 15:48:47 #6 type] 
Type domain.Pertsona is not enhanced.

[2021-04-06 15:48:47 #7 type] 
Type domain.Bezero is not enhanced.

[2021-04-06 15:48:47 #8 type] 
Type domain.Administratzaile is not enhanced.

------------------------------------------------------------------------------------------------------------------------

[2021-04-06 15:49:15 #1 store] 
Database '/Users/itziarirastorza/Desktop/Bets21/src/main/resources/bets.temp' is opened by 2947@MacBook-Pro-de-Itziar.local

[2021-04-06 15:49:15 #2 type] 
Type domain.Question is not enhanced.

[2021-04-06 15:49:15 #3 type] 
Type domain.Pronostikoa is not enhanced.

[2021-04-06 15:49:15 #4 type] 
Type domain.Event is not enhanced.

[2021-04-06 15:49:15 #5 type] 
Type domain.Apostua is not enhanced.

[2021-04-06 15:49:15 #6 type] 
Type domain.Pertsona is not enhanced.

[2021-04-06 15:49:15 #7 type] 
Type domain.Bezero is not enhanced.

[2021-04-06 15:49:15 #8 type] 
Type domain.Administratzaile is not enhanced.

------------------------------------------------------------------------------------------------------------------------

[2021-04-06 15:58:55 #1 store] 
Database '/Users/itziarirastorza/Desktop/Bets21/src/main/resources/bets.temp' is opened by 2970@MacBook-Pro-de-Itziar.local

[2021-04-06 15:58:56 #2 type] 
Type domain.Question is not enhanced.

[2021-04-06 15:58:56 #3 type] 
Type domain.Pronostikoa is not enhanced.

[2021-04-06 15:58:56 #4 type] 
Type domain.Event is not enhanced.

[2021-04-06 15:58:56 #5 type] 
Type domain.Apostua is not enhanced.

[2021-04-06 15:58:56 #6 type] 
Type domain.Pertsona is not enhanced.

[2021-04-06 15:58:56 #7 type] 
Type domain.Bezero is not enhanced.

[2021-04-06 15:58:56 #8 type] 
Type domain.Administratzaile is not enhanced.

------------------------------------------------------------------------------------------------------------------------

[2021-04-06 16:01:30 #1 store] 
Database '/Users/itziarirastorza/Desktop/Bets21/src/main/resources/bets.temp' has been recovered (tr. 12-12)

[2021-04-06 16:01:30 #2 store] 
Database '/Users/itziarirastorza/Desktop/Bets21/src/main/resources/bets.temp' is opened by 2977@MacBook-Pro-de-Itziar.local

[2021-04-06 16:01:31 #3 type] 
Type domain.Question is not enhanced.

[2021-04-06 16:01:31 #4 type] 
Type domain.Pronostikoa is not enhanced.

[2021-04-06 16:01:31 #5 type] 
Type domain.Event is not enhanced.

[2021-04-06 16:01:31 #6 type] 
Type domain.Apostua is not enhanced.

[2021-04-06 16:01:31 #7 type] 
Type domain.Pertsona is not enhanced.

[2021-04-06 16:01:31 #8 type] 
Type domain.Bezero is not enhanced.

[2021-04-06 16:01:31 #9 type] 
Type domain.Administratzaile is not enhanced.

------------------------------------------------------------------------------------------------------------------------

[2021-04-06 16:01:45 #1 store] 
Database '/Users/itziarirastorza/Desktop/Bets21/src/main/resources/bets.temp' is opened by 2980@MacBook-Pro-de-Itziar.local

[2021-04-06 16:01:45 #2 type] 
Type domain.Question is not enhanced.

[2021-04-06 16:01:45 #3 type] 
Type domain.Pronostikoa is not enhanced.

[2021-04-06 16:01:45 #4 type] 
Type domain.Event is not enhanced.

[2021-04-06 16:01:45 #5 type] 
Type domain.Apostua is not enhanced.

[2021-04-06 16:01:45 #6 type] 
Type domain.Pertsona is not enhanced.

[2021-04-06 16:01:45 #7 type] 
Type domain.Bezero is not enhanced.

[2021-04-06 16:01:45 #8 type] 
Type domain.Administratzaile is not enhanced.

------------------------------------------------------------------------------------------------------------------------

[2021-04-06 16:02:36 #1 store] 
Database '/Users/itziarirastorza/Desktop/Bets21/src/main/resources/bets.temp' is opened by 2984@MacBook-Pro-de-Itziar.local

[2021-04-06 16:02:36 #2 type] 
Type domain.Question is not enhanced.

[2021-04-06 16:02:36 #3 type] 
Type domain.Pronostikoa is not enhanced.

[2021-04-06 16:02:36 #4 type] 
Type domain.Event is not enhanced.

[2021-04-06 16:02:36 #5 type] 
Type domain.Apostua is not enhanced.

[2021-04-06 16:02:36 #6 type] 
Type domain.Pertsona is not enhanced.

[2021-04-06 16:02:36 #7 type] 
Type domain.Bezero is not enhanced.

[2021-04-06 16:02:36 #8 type] 
Type domain.Administratzaile is not enhanced.

------------------------------------------------------------------------------------------------------------------------

[2021-04-06 16:03:02 #1 store] 
Database '/Users/itziarirastorza/Desktop/Bets21/src/main/resources/bets.temp' has been recovered (tr. 13-15)

[2021-04-06 16:03:02 #2 store] 
Database '/Users/itziarirastorza/Desktop/Bets21/src/main/resources/bets.temp' is opened by 2985@MacBook-Pro-de-Itziar.local

[2021-04-06 16:03:02 #3 type] 
Type domain.Question is not enhanced.

[2021-04-06 16:03:02 #4 type] 
Type domain.Pronostikoa is not enhanced.

[2021-04-06 16:03:02 #5 type] 
Type domain.Event is not enhanced.

[2021-04-06 16:03:02 #6 type] 
Type domain.Apostua is not enhanced.

[2021-04-06 16:03:02 #7 type] 
Type domain.Pertsona is not enhanced.

[2021-04-06 16:03:02 #8 type] 
Type domain.Bezero is not enhanced.

[2021-04-06 16:03:02 #9 type] 
Type domain.Administratzaile is not enhanced.

------------------------------------------------------------------------------------------------------------------------

[2021-04-06 16:03:22 #1 store] 
Database '/Users/itziarirastorza/Desktop/Bets21/src/main/resources/bets.temp' is opened by 2986@MacBook-Pro-de-Itziar.local

[2021-04-06 16:03:22 #2 type] 
Type domain.Question is not enhanced.

[2021-04-06 16:03:22 #3 type] 
Type domain.Pronostikoa is not enhanced.

[2021-04-06 16:03:22 #4 type] 
Type domain.Event is not enhanced.

[2021-04-06 16:03:22 #5 type] 
Type domain.Apostua is not enhanced.

[2021-04-06 16:03:22 #6 type] 
Type domain.Pertsona is not enhanced.

[2021-04-06 16:03:22 #7 type] 
Type domain.Bezero is not enhanced.

[2021-04-06 16:03:22 #8 type] 
Type domain.Administratzaile is not enhanced.

------------------------------------------------------------------------------------------------------------------------

[2021-04-06 16:05:04 #1 store] 
Database '/Users/itziarirastorza/Desktop/Bets21/src/main/resources/bets.temp' is opened by 2993@MacBook-Pro-de-Itziar.local

[2021-04-06 16:05:04 #2 type] 
Type domain.Question is not enhanced.

[2021-04-06 16:05:04 #3 type] 
Type domain.Pronostikoa is not enhanced.

[2021-04-06 16:05:04 #4 type] 
Type domain.Event is not enhanced.

[2021-04-06 16:05:04 #5 type] 
Type domain.Apostua is not enhanced.

[2021-04-06 16:05:04 #6 type] 
Type domain.Pertsona is not enhanced.

[2021-04-06 16:05:04 #7 type] 
Type domain.Bezero is not enhanced.

[2021-04-06 16:05:04 #8 type] 
Type domain.Administratzaile is not enhanced.

------------------------------------------------------------------------------------------------------------------------

[2021-04-06 16:05:59 #1 store] 
Database '/Users/itziarirastorza/Desktop/Bets21/src/main/resources/bets.temp' is opened by 3000@MacBook-Pro-de-Itziar.local

[2021-04-06 16:06:00 #2 type] 
Type domain.Question is not enhanced.

[2021-04-06 16:06:00 #3 type] 
Type domain.Pronostikoa is not enhanced.

[2021-04-06 16:06:00 #4 type] 
Type domain.Event is not enhanced.

[2021-04-06 16:06:00 #5 type] 
Type domain.Apostua is not enhanced.

[2021-04-06 16:06:00 #6 type] 
Type domain.Pertsona is not enhanced.

[2021-04-06 16:06:00 #7 type] 
Type domain.Bezero is not enhanced.

[2021-04-06 16:06:00 #8 type] 
Type domain.Administratzaile is not enhanced.

------------------------------------------------------------------------------------------------------------------------

[2021-04-06 16:07:56 #1 store] 
Database '/Users/itziarirastorza/Desktop/Bets21/src/main/resources/bets.temp' is opened by 3007@MacBook-Pro-de-Itziar.local

[2021-04-06 16:07:56 #2 type] 
Type domain.Question is not enhanced.

[2021-04-06 16:07:56 #3 type] 
Type domain.Pronostikoa is not enhanced.

[2021-04-06 16:07:56 #4 type] 
Type domain.Event is not enhanced.

[2021-04-06 16:07:56 #5 type] 
Type domain.Apostua is not enhanced.

[2021-04-06 16:07:56 #6 type] 
Type domain.Pertsona is not enhanced.

[2021-04-06 16:07:56 #7 type] 
Type domain.Bezero is not enhanced.

[2021-04-06 16:07:56 #8 type] 
Type domain.Administratzaile is not enhanced.

------------------------------------------------------------------------------------------------------------------------

[2021-04-06 16:21:04 #1 store] 
Database '/Users/itziarirastorza/Desktop/Bets21/src/main/resources/bets.temp' is opened by 3059@MacBook-Pro-de-Itziar.local

[2021-04-06 16:21:04 #2 type] 
Type domain.Question is not enhanced.

[2021-04-06 16:21:04 #3 type] 
Type domain.Pronostikoa is not enhanced.

[2021-04-06 16:21:04 #4 type] 
Type domain.Event is not enhanced.

[2021-04-06 16:21:04 #5 type] 
Type domain.Apostua is not enhanced.

[2021-04-06 16:21:04 #6 type] 
Type domain.Pertsona is not enhanced.

[2021-04-06 16:21:04 #7 type] 
Type domain.Bezero is not enhanced.

[2021-04-06 16:21:04 #8 type] 
Type domain.Administratzaile is not enhanced.

------------------------------------------------------------------------------------------------------------------------

[2021-04-06 16:22:11 #1 store] 
Database '/Users/itziarirastorza/Desktop/Bets21/src/main/resources/bets.temp' is opened by 3061@MacBook-Pro-de-Itziar.local

[2021-04-06 16:22:11 #2 type] 
Type domain.Question is not enhanced.

[2021-04-06 16:22:11 #3 type] 
Type domain.Pronostikoa is not enhanced.

[2021-04-06 16:22:11 #4 type] 
Type domain.Event is not enhanced.

[2021-04-06 16:22:11 #5 type] 
Type domain.Apostua is not enhanced.

[2021-04-06 16:22:11 #6 type] 
Type domain.Pertsona is not enhanced.

[2021-04-06 16:22:11 #7 type] 
Type domain.Bezero is not enhanced.

[2021-04-06 16:22:11 #8 type] 
Type domain.Administratzaile is not enhanced.

------------------------------------------------------------------------------------------------------------------------

[2021-04-06 16:24:11 #1 store] 
Database '/Users/itziarirastorza/Desktop/Bets21/src/main/resources/bets.temp' is opened by 3064@MacBook-Pro-de-Itziar.local

[2021-04-06 16:24:11 #2 type] 
Type domain.Question is not enhanced.

[2021-04-06 16:24:11 #3 type] 
Type domain.Pronostikoa is not enhanced.

[2021-04-06 16:24:11 #4 type] 
Type domain.Event is not enhanced.

[2021-04-06 16:24:11 #5 type] 
Type domain.Apostua is not enhanced.

[2021-04-06 16:24:11 #6 type] 
Type domain.Pertsona is not enhanced.

[2021-04-06 16:24:11 #7 type] 
Type domain.Bezero is not enhanced.

[2021-04-06 16:24:11 #8 type] 
Type domain.Administratzaile is not enhanced.

------------------------------------------------------------------------------------------------------------------------

[2021-04-06 16:24:56 #1 store] 
Database '/Users/itziarirastorza/Desktop/Bets21/src/main/resources/bets.temp' is opened by 3073@MacBook-Pro-de-Itziar.local

[2021-04-06 16:24:56 #2 type] 
Type domain.Question is not enhanced.

[2021-04-06 16:24:56 #3 type] 
Type domain.Pronostikoa is not enhanced.

[2021-04-06 16:24:56 #4 type] 
Type domain.Event is not enhanced.

[2021-04-06 16:24:56 #5 type] 
Type domain.Apostua is not enhanced.

[2021-04-06 16:24:56 #6 type] 
Type domain.Pertsona is not enhanced.

[2021-04-06 16:24:56 #7 type] 
Type domain.Bezero is not enhanced.

[2021-04-06 16:24:56 #8 type] 
Type domain.Administratzaile is not enhanced.

------------------------------------------------------------------------------------------------------------------------

[2021-04-06 16:26:25 #1 store] 
Database '/Users/itziarirastorza/Desktop/Bets21/src/main/resources/bets.temp' is opened by 3080@MacBook-Pro-de-Itziar.local

[2021-04-06 16:26:25 #2 type] 
Type domain.Question is not enhanced.

[2021-04-06 16:26:25 #3 type] 
Type domain.Pronostikoa is not enhanced.

[2021-04-06 16:26:25 #4 type] 
Type domain.Event is not enhanced.

[2021-04-06 16:26:25 #5 type] 
Type domain.Apostua is not enhanced.

[2021-04-06 16:26:25 #6 type] 
Type domain.Pertsona is not enhanced.

[2021-04-06 16:26:25 #7 type] 
Type domain.Bezero is not enhanced.

[2021-04-06 16:26:25 #8 type] 
Type domain.Administratzaile is not enhanced.

------------------------------------------------------------------------------------------------------------------------

[2021-04-06 16:28:26 #1 store] 
Database '/Users/itziarirastorza/Desktop/Bets21/src/main/resources/bets.temp' is opened by 3086@MacBook-Pro-de-Itziar.local

[2021-04-06 16:28:26 #2 type] 
Type domain.Question is not enhanced.

[2021-04-06 16:28:26 #3 type] 
Type domain.Pronostikoa is not enhanced.

[2021-04-06 16:28:26 #4 type] 
Type domain.Event is not enhanced.

[2021-04-06 16:28:26 #5 type] 
Type domain.Apostua is not enhanced.

[2021-04-06 16:28:26 #6 type] 
Type domain.Pertsona is not enhanced.

[2021-04-06 16:28:26 #7 type] 
Type domain.Bezero is not enhanced.

[2021-04-06 16:28:26 #8 type] 
Type domain.Administratzaile is not enhanced.

------------------------------------------------------------------------------------------------------------------------

[2021-04-06 16:29:07 #1 store] 
Database '/Users/itziarirastorza/Desktop/Bets21/src/main/resources/bets.temp' is opened by 3088@MacBook-Pro-de-Itziar.local

[2021-04-06 16:29:07 #2 type] 
Type domain.Question is not enhanced.

[2021-04-06 16:29:07 #3 type] 
Type domain.Pronostikoa is not enhanced.

[2021-04-06 16:29:07 #4 type] 
Type domain.Event is not enhanced.

[2021-04-06 16:29:07 #5 type] 
Type domain.Apostua is not enhanced.

[2021-04-06 16:29:07 #6 type] 
Type domain.Pertsona is not enhanced.

[2021-04-06 16:29:07 #7 type] 
Type domain.Bezero is not enhanced.

[2021-04-06 16:29:07 #8 type] 
Type domain.Administratzaile is not enhanced.

------------------------------------------------------------------------------------------------------------------------

[2021-04-06 16:31:07 #1 store] 
Database '/Users/itziarirastorza/Desktop/Bets21/src/main/resources/bets.temp' is opened by 3093@MacBook-Pro-de-Itziar.local

[2021-04-06 16:31:07 #2 type] 
Type domain.Question is not enhanced.

[2021-04-06 16:31:07 #3 type] 
Type domain.Pronostikoa is not enhanced.

[2021-04-06 16:31:07 #4 type] 
Type domain.Event is not enhanced.

[2021-04-06 16:31:07 #5 type] 
Type domain.Apostua is not enhanced.

[2021-04-06 16:31:07 #6 type] 
Type domain.Pertsona is not enhanced.

[2021-04-06 16:31:07 #7 type] 
Type domain.Bezero is not enhanced.

[2021-04-06 16:31:07 #8 type] 
Type domain.Administratzaile is not enhanced.

------------------------------------------------------------------------------------------------------------------------

[2021-04-06 16:32:32 #1 store] 
Database '/Users/itziarirastorza/Desktop/Bets21/src/main/resources/bets.temp' is opened by 3097@MacBook-Pro-de-Itziar.local

[2021-04-06 16:32:33 #2 type] 
Type domain.Question is not enhanced.

[2021-04-06 16:32:33 #3 type] 
Type domain.Pronostikoa is not enhanced.

[2021-04-06 16:32:33 #4 type] 
Type domain.Event is not enhanced.

[2021-04-06 16:32:33 #5 type] 
Type domain.Apostua is not enhanced.

[2021-04-06 16:32:33 #6 type] 
Type domain.Pertsona is not enhanced.

[2021-04-06 16:32:33 #7 type] 
Type domain.Bezero is not enhanced.

[2021-04-06 16:32:33 #8 type] 
Type domain.Administratzaile is not enhanced.

------------------------------------------------------------------------------------------------------------------------

[2021-04-06 16:32:58 #1 store] 
Database '/Users/itziarirastorza/Desktop/Bets21/src/main/resources/bets.temp' is opened by 3098@MacBook-Pro-de-Itziar.local

[2021-04-06 16:32:58 #2 type] 
Type domain.Question is not enhanced.

[2021-04-06 16:32:58 #3 type] 
Type domain.Pronostikoa is not enhanced.

[2021-04-06 16:32:58 #4 type] 
Type domain.Event is not enhanced.

[2021-04-06 16:32:58 #5 type] 
Type domain.Apostua is not enhanced.

[2021-04-06 16:32:58 #6 type] 
Type domain.Pertsona is not enhanced.

[2021-04-06 16:32:58 #7 type] 
Type domain.Bezero is not enhanced.

[2021-04-06 16:32:58 #8 type] 
Type domain.Administratzaile is not enhanced.

------------------------------------------------------------------------------------------------------------------------

[2021-04-06 16:33:40 #1 store] 
Database '/Users/itziarirastorza/Desktop/Bets21/src/main/resources/bets.temp' has been recovered (tr. 16-16)

[2021-04-06 16:33:40 #2 store] 
Database '/Users/itziarirastorza/Desktop/Bets21/src/main/resources/bets.temp' is opened by 3101@MacBook-Pro-de-Itziar.local

[2021-04-06 16:33:40 #3 type] 
Type domain.Question is not enhanced.

[2021-04-06 16:33:40 #4 type] 
Type domain.Pronostikoa is not enhanced.

[2021-04-06 16:33:40 #5 type] 
Type domain.Event is not enhanced.

[2021-04-06 16:33:40 #6 type] 
Type domain.Apostua is not enhanced.

[2021-04-06 16:33:40 #7 type] 
Type domain.Pertsona is not enhanced.

[2021-04-06 16:33:40 #8 type] 
Type domain.Bezero is not enhanced.

[2021-04-06 16:33:40 #9 type] 
Type domain.Administratzaile is not enhanced.

------------------------------------------------------------------------------------------------------------------------

[2021-04-06 16:33:56 #1 store] 
Database '/Users/itziarirastorza/Desktop/Bets21/src/main/resources/bets.temp' is opened by 3103@MacBook-Pro-de-Itziar.local

[2021-04-06 16:33:56 #2 type] 
Type domain.Question is not enhanced.

[2021-04-06 16:33:56 #3 type] 
Type domain.Pronostikoa is not enhanced.

[2021-04-06 16:33:56 #4 type] 
Type domain.Event is not enhanced.

[2021-04-06 16:33:56 #5 type] 
Type domain.Apostua is not enhanced.

[2021-04-06 16:33:56 #6 type] 
Type domain.Pertsona is not enhanced.

[2021-04-06 16:33:56 #7 type] 
Type domain.Bezero is not enhanced.

[2021-04-06 16:33:56 #8 type] 
Type domain.Administratzaile is not enhanced.

------------------------------------------------------------------------------------------------------------------------

[2021-04-06 16:35:41 #1 store] 
Database '/Users/itziarirastorza/Desktop/Bets21/src/main/resources/bets.temp' is opened by 3106@MacBook-Pro-de-Itziar.local

[2021-04-06 16:35:42 #2 type] 
Type domain.Question is not enhanced.

[2021-04-06 16:35:42 #3 type] 
Type domain.Pronostikoa is not enhanced.

[2021-04-06 16:35:42 #4 type] 
Type domain.Event is not enhanced.

[2021-04-06 16:35:42 #5 type] 
Type domain.Apostua is not enhanced.

[2021-04-06 16:35:42 #6 type] 
Type domain.Pertsona is not enhanced.

[2021-04-06 16:35:42 #7 type] 
Type domain.Bezero is not enhanced.

[2021-04-06 16:35:42 #8 type] 
Type domain.Administratzaile is not enhanced.

------------------------------------------------------------------------------------------------------------------------

[2021-04-06 16:36:01 #1 store] 
Database '/Users/itziarirastorza/Desktop/Bets21/src/main/resources/bets.temp' has been recovered (tr. 17-17)

[2021-04-06 16:36:01 #2 store] 
Database '/Users/itziarirastorza/Desktop/Bets21/src/main/resources/bets.temp' is opened by 3107@MacBook-Pro-de-Itziar.local

[2021-04-06 16:36:02 #3 type] 
Type domain.Question is not enhanced.

[2021-04-06 16:36:02 #4 type] 
Type domain.Pronostikoa is not enhanced.

[2021-04-06 16:36:02 #5 type] 
Type domain.Event is not enhanced.

[2021-04-06 16:36:02 #6 type] 
Type domain.Apostua is not enhanced.

[2021-04-06 16:36:02 #7 type] 
Type domain.Pertsona is not enhanced.

[2021-04-06 16:36:02 #8 type] 
Type domain.Bezero is not enhanced.

[2021-04-06 16:36:02 #9 type] 
Type domain.Administratzaile is not enhanced.

------------------------------------------------------------------------------------------------------------------------

[2021-04-06 16:48:03 #1 store] 
Database '/Users/itziarirastorza/Desktop/Bets21/src/main/resources/bets.temp' is opened by 3122@MacBook-Pro-de-Itziar.local

[2021-04-06 16:48:03 #2 type] 
Type domain.Question is not enhanced.

[2021-04-06 16:48:03 #3 type] 
Type domain.Pronostikoa is not enhanced.

[2021-04-06 16:48:03 #4 type] 
Type domain.Event is not enhanced.

[2021-04-06 16:48:03 #5 type] 
Type domain.Apostua is not enhanced.

[2021-04-06 16:48:03 #6 type] 
Type domain.Pertsona is not enhanced.

[2021-04-06 16:48:03 #7 type] 
Type domain.Bezero is not enhanced.

[2021-04-06 16:48:03 #8 type] 
Type domain.Administratzaile is not enhanced.

------------------------------------------------------------------------------------------------------------------------

[2021-04-06 16:48:20 #1 store] 
Database '/Users/itziarirastorza/Desktop/Bets21/src/main/resources/bets.temp' is opened by 3123@MacBook-Pro-de-Itziar.local

[2021-04-06 16:48:20 #2 type] 
Type domain.Question is not enhanced.

[2021-04-06 16:48:20 #3 type] 
Type domain.Pronostikoa is not enhanced.

[2021-04-06 16:48:20 #4 type] 
Type domain.Event is not enhanced.

[2021-04-06 16:48:20 #5 type] 
Type domain.Apostua is not enhanced.

[2021-04-06 16:48:20 #6 type] 
Type domain.Pertsona is not enhanced.

[2021-04-06 16:48:20 #7 type] 
Type domain.Bezero is not enhanced.

[2021-04-06 16:48:20 #8 type] 
Type domain.Administratzaile is not enhanced.

------------------------------------------------------------------------------------------------------------------------

[2021-04-06 16:49:27 #1 store] 
Database '/Users/itziarirastorza/Desktop/Bets21/src/main/resources/bets.temp' is opened by 3136@MacBook-Pro-de-Itziar.local

[2021-04-06 16:49:27 #2 type] 
Type domain.Question is not enhanced.

[2021-04-06 16:49:27 #3 type] 
Type domain.Pronostikoa is not enhanced.

[2021-04-06 16:49:27 #4 type] 
Type domain.Event is not enhanced.

[2021-04-06 16:49:27 #5 type] 
Type domain.Apostua is not enhanced.

[2021-04-06 16:49:27 #6 type] 
Type domain.Pertsona is not enhanced.

[2021-04-06 16:49:27 #7 type] 
Type domain.Bezero is not enhanced.

[2021-04-06 16:49:27 #8 type] 
Type domain.Administratzaile is not enhanced.

------------------------------------------------------------------------------------------------------------------------

[2021-04-06 16:49:56 #1 store] 
Database '/Users/itziarirastorza/Desktop/Bets21/src/main/resources/bets.temp' has been recovered (tr. 18-18)

[2021-04-06 16:49:57 #2 store] 
Database '/Users/itziarirastorza/Desktop/Bets21/src/main/resources/bets.temp' is opened by 3139@MacBook-Pro-de-Itziar.local

[2021-04-06 16:49:57 #3 type] 
Type domain.Question is not enhanced.

[2021-04-06 16:49:57 #4 type] 
Type domain.Pronostikoa is not enhanced.

[2021-04-06 16:49:57 #5 type] 
Type domain.Event is not enhanced.

[2021-04-06 16:49:57 #6 type] 
Type domain.Apostua is not enhanced.

[2021-04-06 16:49:57 #7 type] 
Type domain.Pertsona is not enhanced.

[2021-04-06 16:49:57 #8 type] 
Type domain.Bezero is not enhanced.

[2021-04-06 16:49:57 #9 type] 
Type domain.Administratzaile is not enhanced.

------------------------------------------------------------------------------------------------------------------------

[2021-04-06 16:50:11 #1 store] 
Database '/Users/itziarirastorza/Desktop/Bets21/src/main/resources/bets.temp' is opened by 3140@MacBook-Pro-de-Itziar.local

[2021-04-06 16:50:12 #2 type] 
Type domain.Question is not enhanced.

[2021-04-06 16:50:12 #3 type] 
Type domain.Pronostikoa is not enhanced.

[2021-04-06 16:50:12 #4 type] 
Type domain.Event is not enhanced.

[2021-04-06 16:50:12 #5 type] 
Type domain.Apostua is not enhanced.

[2021-04-06 16:50:12 #6 type] 
Type domain.Pertsona is not enhanced.

[2021-04-06 16:50:12 #7 type] 
Type domain.Bezero is not enhanced.

[2021-04-06 16:50:12 #8 type] 
Type domain.Administratzaile is not enhanced.

------------------------------------------------------------------------------------------------------------------------

[2021-04-06 16:50:31 #1 store] 
Database '/Users/itziarirastorza/Desktop/Bets21/src/main/resources/bets.temp' is opened by 3141@MacBook-Pro-de-Itziar.local

[2021-04-06 16:50:31 #2 type] 
Type domain.Question is not enhanced.

[2021-04-06 16:50:31 #3 type] 
Type domain.Pronostikoa is not enhanced.

[2021-04-06 16:50:31 #4 type] 
Type domain.Event is not enhanced.

[2021-04-06 16:50:31 #5 type] 
Type domain.Apostua is not enhanced.

[2021-04-06 16:50:31 #6 type] 
Type domain.Pertsona is not enhanced.

[2021-04-06 16:50:31 #7 type] 
Type domain.Bezero is not enhanced.

[2021-04-06 16:50:31 #8 type] 
Type domain.Administratzaile is not enhanced.

------------------------------------------------------------------------------------------------------------------------

[2021-04-06 16:50:35 #1 store] 
Database '/Users/itziarirastorza/Desktop/Bets21/src/main/resources/bets.temp' is opened by 3142@MacBook-Pro-de-Itziar.local

[2021-04-06 16:50:36 #2 type] 
Type domain.Question is not enhanced.

[2021-04-06 16:50:36 #3 type] 
Type domain.Pronostikoa is not enhanced.

[2021-04-06 16:50:36 #4 type] 
Type domain.Event is not enhanced.

[2021-04-06 16:50:36 #5 type] 
Type domain.Apostua is not enhanced.

[2021-04-06 16:50:36 #6 type] 
Type domain.Pertsona is not enhanced.

[2021-04-06 16:50:36 #7 type] 
Type domain.Bezero is not enhanced.

[2021-04-06 16:50:36 #8 type] 
Type domain.Administratzaile is not enhanced.

------------------------------------------------------------------------------------------------------------------------

[2021-04-06 17:23:03 #1 store] 
Database '/Users/itziarirastorza/Desktop/Bets21/src/main/resources/bets.temp' is opened by 3193@MacBook-Pro-de-Itziar.local

[2021-04-06 17:23:04 #2 type] 
Type domain.Question is not enhanced.

[2021-04-06 17:23:04 #3 type] 
Type domain.Pronostikoa is not enhanced.

[2021-04-06 17:23:04 #4 type] 
Type domain.Event is not enhanced.

[2021-04-06 17:23:04 #5 type] 
Type domain.Apostua is not enhanced.

[2021-04-06 17:23:04 #6 type] 
Type domain.Pertsona is not enhanced.

[2021-04-06 17:23:04 #7 type] 
Type domain.Bezero is not enhanced.

[2021-04-06 17:23:04 #8 type] 
Type domain.Administratzaile is not enhanced.

------------------------------------------------------------------------------------------------------------------------

[2021-04-06 17:23:24 #1 store] 
Database '/Users/itziarirastorza/Desktop/Bets21/src/main/resources/bets.temp' is opened by 3196@MacBook-Pro-de-Itziar.local

[2021-04-06 17:23:24 #2 type] 
Type domain.Question is not enhanced.

[2021-04-06 17:23:24 #3 type] 
Type domain.Pronostikoa is not enhanced.

[2021-04-06 17:23:24 #4 type] 
Type domain.Event is not enhanced.

[2021-04-06 17:23:24 #5 type] 
Type domain.Apostua is not enhanced.

[2021-04-06 17:23:24 #6 type] 
Type domain.Pertsona is not enhanced.

[2021-04-06 17:23:24 #7 type] 
Type domain.Bezero is not enhanced.

[2021-04-06 17:23:24 #8 type] 
Type domain.Administratzaile is not enhanced.

------------------------------------------------------------------------------------------------------------------------

[2021-04-06 17:27:24 #1 store] 
Database '/Users/itziarirastorza/Desktop/Bets21/src/main/resources/bets.temp' has been recovered (tr. 19-20)

[2021-04-06 17:27:25 #2 store] 
Database '/Users/itziarirastorza/Desktop/Bets21/src/main/resources/bets.temp' is opened by 3204@MacBook-Pro-de-Itziar.local

[2021-04-06 17:27:25 #3 type] 
Type domain.Question is not enhanced.

[2021-04-06 17:27:25 #4 type] 
Type domain.Pronostikoa is not enhanced.

[2021-04-06 17:27:25 #5 type] 
Type domain.Event is not enhanced.

[2021-04-06 17:27:25 #6 type] 
Type domain.Apostua is not enhanced.

[2021-04-06 17:27:25 #7 type] 
Type domain.Pertsona is not enhanced.

[2021-04-06 17:27:25 #8 type] 
Type domain.Bezero is not enhanced.

[2021-04-06 17:27:25 #9 type] 
Type domain.Administratzaile is not enhanced.

------------------------------------------------------------------------------------------------------------------------

[2021-04-06 17:27:45 #1 store] 
Database '/Users/itziarirastorza/Desktop/Bets21/src/main/resources/bets.temp' is opened by 3207@MacBook-Pro-de-Itziar.local

[2021-04-06 17:27:45 #2 type] 
Type domain.Question is not enhanced.

[2021-04-06 17:27:45 #3 type] 
Type domain.Pronostikoa is not enhanced.

[2021-04-06 17:27:45 #4 type] 
Type domain.Event is not enhanced.

[2021-04-06 17:27:45 #5 type] 
Type domain.Apostua is not enhanced.

[2021-04-06 17:27:45 #6 type] 
Type domain.Pertsona is not enhanced.

[2021-04-06 17:27:45 #7 type] 
Type domain.Bezero is not enhanced.

[2021-04-06 17:27:45 #8 type] 
Type domain.Administratzaile is not enhanced.

------------------------------------------------------------------------------------------------------------------------

[2021-04-06 17:31:53 #1 store] 
Database '/Users/itziarirastorza/Desktop/Bets21/src/main/resources/bets.temp' has been recovered (tr. 21-22)

[2021-04-06 17:31:53 #2 store] 
Database '/Users/itziarirastorza/Desktop/Bets21/src/main/resources/bets.temp' is opened by 3218@MacBook-Pro-de-Itziar.local

[2021-04-06 17:31:53 #3 type] 
Type domain.Question is not enhanced.

[2021-04-06 17:31:54 #4 type] 
Type domain.Pronostikoa is not enhanced.

[2021-04-06 17:31:54 #5 type] 
Type domain.Event is not enhanced.

[2021-04-06 17:31:54 #6 type] 
Type domain.Apostua is not enhanced.

[2021-04-06 17:31:54 #7 type] 
Type domain.Pertsona is not enhanced.

[2021-04-06 17:31:54 #8 type] 
Type domain.Bezero is not enhanced.

[2021-04-06 17:31:54 #9 type] 
Type domain.Administratzaile is not enhanced.

------------------------------------------------------------------------------------------------------------------------

[2021-04-06 17:32:15 #1 store] 
Database '/Users/itziarirastorza/Desktop/Bets21/src/main/resources/bets.temp' has been recovered (tr. 23-23)

[2021-04-06 17:32:15 #2 store] 
Database '/Users/itziarirastorza/Desktop/Bets21/src/main/resources/bets.temp' is opened by 3219@MacBook-Pro-de-Itziar.local

[2021-04-06 17:32:15 #3 type] 
Type domain.Question is not enhanced.

[2021-04-06 17:32:15 #4 type] 
Type domain.Pronostikoa is not enhanced.

[2021-04-06 17:32:15 #5 type] 
Type domain.Event is not enhanced.

[2021-04-06 17:32:15 #6 type] 
Type domain.Apostua is not enhanced.

[2021-04-06 17:32:15 #7 type] 
Type domain.Pertsona is not enhanced.

[2021-04-06 17:32:15 #8 type] 
Type domain.Bezero is not enhanced.

[2021-04-06 17:32:15 #9 type] 
Type domain.Administratzaile is not enhanced.

------------------------------------------------------------------------------------------------------------------------

[2021-04-06 17:33:31 #1 store] 
Database '/Users/itziarirastorza/Desktop/Bets21/src/main/resources/bets.temp' is opened by 3227@MacBook-Pro-de-Itziar.local

[2021-04-06 17:33:31 #2 type] 
Type domain.Question is not enhanced.

[2021-04-06 17:33:31 #3 type] 
Type domain.Pronostikoa is not enhanced.

[2021-04-06 17:33:31 #4 type] 
Type domain.Event is not enhanced.

[2021-04-06 17:33:31 #5 type] 
Type domain.Apostua is not enhanced.

[2021-04-06 17:33:31 #6 type] 
Type domain.Pertsona is not enhanced.

[2021-04-06 17:33:31 #7 type] 
Type domain.Bezero is not enhanced.

[2021-04-06 17:33:31 #8 type] 
Type domain.Administratzaile is not enhanced.

------------------------------------------------------------------------------------------------------------------------

[2021-04-06 17:35:19 #1 store] 
Database '/Users/itziarirastorza/Desktop/Bets21/src/main/resources/bets.temp' is opened by 3232@MacBook-Pro-de-Itziar.local

[2021-04-06 17:35:19 #2 type] 
Type domain.Question is not enhanced.

[2021-04-06 17:35:19 #3 type] 
Type domain.Pronostikoa is not enhanced.

[2021-04-06 17:35:19 #4 type] 
Type domain.Event is not enhanced.

[2021-04-06 17:35:19 #5 type] 
Type domain.Apostua is not enhanced.

[2021-04-06 17:35:19 #6 type] 
Type domain.Pertsona is not enhanced.

[2021-04-06 17:35:19 #7 type] 
Type domain.Bezero is not enhanced.

[2021-04-06 17:35:19 #8 type] 
Type domain.Administratzaile is not enhanced.

------------------------------------------------------------------------------------------------------------------------

[2021-04-06 17:37:08 #1 store] 
Database '/Users/itziarirastorza/Desktop/Bets21/src/main/resources/bets.temp' is opened by 3238@MacBook-Pro-de-Itziar.local

[2021-04-06 17:37:08 #2 type] 
Type domain.Question is not enhanced.

[2021-04-06 17:37:08 #3 type] 
Type domain.Pronostikoa is not enhanced.

[2021-04-06 17:37:08 #4 type] 
Type domain.Event is not enhanced.

[2021-04-06 17:37:08 #5 type] 
Type domain.Apostua is not enhanced.

[2021-04-06 17:37:08 #6 type] 
Type domain.Pertsona is not enhanced.

[2021-04-06 17:37:08 #7 type] 
Type domain.Bezero is not enhanced.

[2021-04-06 17:37:08 #8 type] 
Type domain.Administratzaile is not enhanced.

------------------------------------------------------------------------------------------------------------------------

[2021-04-06 17:37:39 #1 store] 
Database '/Users/itziarirastorza/Desktop/Bets21/src/main/resources/bets.temp' has been recovered (tr. 24-24)

[2021-04-06 17:37:39 #2 store] 
Database '/Users/itziarirastorza/Desktop/Bets21/src/main/resources/bets.temp' is opened by 3239@MacBook-Pro-de-Itziar.local

[2021-04-06 17:37:39 #3 type] 
Type domain.Question is not enhanced.

[2021-04-06 17:37:39 #4 type] 
Type domain.Pronostikoa is not enhanced.

[2021-04-06 17:37:39 #5 type] 
Type domain.Event is not enhanced.

[2021-04-06 17:37:39 #6 type] 
Type domain.Apostua is not enhanced.

[2021-04-06 17:37:39 #7 type] 
Type domain.Pertsona is not enhanced.

[2021-04-06 17:37:39 #8 type] 
Type domain.Bezero is not enhanced.

[2021-04-06 17:37:39 #9 type] 
Type domain.Administratzaile is not enhanced.

------------------------------------------------------------------------------------------------------------------------

[2021-04-06 17:37:56 #1 store] 
Database '/Users/itziarirastorza/Desktop/Bets21/src/main/resources/bets.temp' is opened by 3240@MacBook-Pro-de-Itziar.local

[2021-04-06 17:37:56 #2 type] 
Type domain.Question is not enhanced.

[2021-04-06 17:37:56 #3 type] 
Type domain.Pronostikoa is not enhanced.

[2021-04-06 17:37:56 #4 type] 
Type domain.Event is not enhanced.

[2021-04-06 17:37:56 #5 type] 
Type domain.Apostua is not enhanced.

[2021-04-06 17:37:56 #6 type] 
Type domain.Pertsona is not enhanced.

[2021-04-06 17:37:56 #7 type] 
Type domain.Bezero is not enhanced.

[2021-04-06 17:37:56 #8 type] 
Type domain.Administratzaile is not enhanced.

------------------------------------------------------------------------------------------------------------------------

[2021-04-06 17:38:08 #1 store] 
Database '/Users/itziarirastorza/Desktop/Bets21/src/main/resources/bets.temp' is opened by 3241@MacBook-Pro-de-Itziar.local

[2021-04-06 17:38:08 #2 type] 
Type domain.Question is not enhanced.

[2021-04-06 17:38:08 #3 type] 
Type domain.Pronostikoa is not enhanced.

[2021-04-06 17:38:08 #4 type] 
Type domain.Event is not enhanced.

[2021-04-06 17:38:08 #5 type] 
Type domain.Apostua is not enhanced.

[2021-04-06 17:38:08 #6 type] 
Type domain.Pertsona is not enhanced.

[2021-04-06 17:38:08 #7 type] 
Type domain.Bezero is not enhanced.

[2021-04-06 17:38:08 #8 type] 
Type domain.Administratzaile is not enhanced.

------------------------------------------------------------------------------------------------------------------------

[2021-04-06 17:41:24 #1 store] 
Database '/Users/itziarirastorza/Desktop/Bets21/src/main/resources/bets.temp' is opened by 3249@MacBook-Pro-de-Itziar.local

[2021-04-06 17:41:24 #2 type] 
Type domain.Question is not enhanced.

[2021-04-06 17:41:24 #3 type] 
Type domain.Pronostikoa is not enhanced.

[2021-04-06 17:41:24 #4 type] 
Type domain.Event is not enhanced.

[2021-04-06 17:41:24 #5 type] 
Type domain.Apostua is not enhanced.

[2021-04-06 17:41:24 #6 type] 
Type domain.Pertsona is not enhanced.

[2021-04-06 17:41:24 #7 type] 
Type domain.Bezero is not enhanced.

[2021-04-06 17:41:24 #8 type] 
Type domain.Administratzaile is not enhanced.

------------------------------------------------------------------------------------------------------------------------

[2021-04-06 17:41:50 #1 store] 
Database '/Users/itziarirastorza/Desktop/Bets21/src/main/resources/bets.temp' has been recovered (tr. 25-25)

[2021-04-06 17:41:51 #2 store] 
Database '/Users/itziarirastorza/Desktop/Bets21/src/main/resources/bets.temp' is opened by 3250@MacBook-Pro-de-Itziar.local

[2021-04-06 17:41:51 #3 type] 
Type domain.Question is not enhanced.

[2021-04-06 17:41:51 #4 type] 
Type domain.Pronostikoa is not enhanced.

[2021-04-06 17:41:51 #5 type] 
Type domain.Event is not enhanced.

[2021-04-06 17:41:51 #6 type] 
Type domain.Apostua is not enhanced.

[2021-04-06 17:41:51 #7 type] 
Type domain.Pertsona is not enhanced.

[2021-04-06 17:41:51 #8 type] 
Type domain.Bezero is not enhanced.

[2021-04-06 17:41:51 #9 type] 
Type domain.Administratzaile is not enhanced.

------------------------------------------------------------------------------------------------------------------------

[2021-04-06 17:42:26 #1 store] 
Database '/Users/itziarirastorza/Desktop/Bets21/src/main/resources/bets.temp' is opened by 3253@MacBook-Pro-de-Itziar.local

[2021-04-06 17:42:26 #2 type] 
Type domain.Question is not enhanced.

[2021-04-06 17:42:26 #3 type] 
Type domain.Pronostikoa is not enhanced.

[2021-04-06 17:42:26 #4 type] 
Type domain.Event is not enhanced.

[2021-04-06 17:42:26 #5 type] 
Type domain.Apostua is not enhanced.

[2021-04-06 17:42:26 #6 type] 
Type domain.Pertsona is not enhanced.

[2021-04-06 17:42:26 #7 type] 
Type domain.Bezero is not enhanced.

[2021-04-06 17:42:26 #8 type] 
Type domain.Administratzaile is not enhanced.

------------------------------------------------------------------------------------------------------------------------

[2021-04-06 17:43:16 #1 store] 
Database '/Users/itziarirastorza/Desktop/Bets21/src/main/resources/bets.temp' has been recovered (tr. 26-27)

[2021-04-06 17:43:16 #2 store] 
Database '/Users/itziarirastorza/Desktop/Bets21/src/main/resources/bets.temp' is opened by 3256@MacBook-Pro-de-Itziar.local

[2021-04-06 17:43:16 #3 type] 
Type domain.Question is not enhanced.

[2021-04-06 17:43:16 #4 type] 
Type domain.Pronostikoa is not enhanced.

[2021-04-06 17:43:16 #5 type] 
Type domain.Event is not enhanced.

[2021-04-06 17:43:16 #6 type] 
Type domain.Apostua is not enhanced.

[2021-04-06 17:43:16 #7 type] 
Type domain.Pertsona is not enhanced.

[2021-04-06 17:43:16 #8 type] 
Type domain.Bezero is not enhanced.

[2021-04-06 17:43:16 #9 type] 
Type domain.Administratzaile is not enhanced.

------------------------------------------------------------------------------------------------------------------------

[2021-04-06 17:44:41 #1 store] 
Database '/Users/itziarirastorza/Desktop/Bets21/src/main/resources/bets.temp' is opened by 3264@MacBook-Pro-de-Itziar.local

[2021-04-06 17:44:41 #2 type] 
Type domain.Question is not enhanced.

[2021-04-06 17:44:41 #3 type] 
Type domain.Pronostikoa is not enhanced.

[2021-04-06 17:44:41 #4 type] 
Type domain.Event is not enhanced.

[2021-04-06 17:44:41 #5 type] 
Type domain.Apostua is not enhanced.

[2021-04-06 17:44:41 #6 type] 
Type domain.Pertsona is not enhanced.

[2021-04-06 17:44:41 #7 type] 
Type domain.Bezero is not enhanced.

[2021-04-06 17:44:41 #8 type] 
Type domain.Administratzaile is not enhanced.

------------------------------------------------------------------------------------------------------------------------

[2021-04-06 17:45:17 #1 store] 
Database '/Users/itziarirastorza/Desktop/Bets21/src/main/resources/bets.temp' is opened by 3267@MacBook-Pro-de-Itziar.local

[2021-04-06 17:45:17 #2 type] 
Type domain.Question is not enhanced.

[2021-04-06 17:45:17 #3 type] 
Type domain.Pronostikoa is not enhanced.

[2021-04-06 17:45:17 #4 type] 
Type domain.Event is not enhanced.

[2021-04-06 17:45:17 #5 type] 
Type domain.Apostua is not enhanced.

[2021-04-06 17:45:17 #6 type] 
Type domain.Pertsona is not enhanced.

[2021-04-06 17:45:17 #7 type] 
Type domain.Bezero is not enhanced.

[2021-04-06 17:45:17 #8 type] 
Type domain.Administratzaile is not enhanced.

------------------------------------------------------------------------------------------------------------------------

[2021-04-06 17:49:09 #1 store] 
Database '/Users/itziarirastorza/Desktop/Bets21/src/main/resources/bets.temp' is opened by 3284@MacBook-Pro-de-Itziar.local

[2021-04-06 17:49:09 #2 type] 
Type domain.Question is not enhanced.

[2021-04-06 17:49:09 #3 type] 
Type domain.Pronostikoa is not enhanced.

[2021-04-06 17:49:09 #4 type] 
Type domain.Event is not enhanced.

[2021-04-06 17:49:09 #5 type] 
Type domain.Apostua is not enhanced.

[2021-04-06 17:49:09 #6 type] 
Type domain.Pertsona is not enhanced.

[2021-04-06 17:49:09 #7 type] 
Type domain.Bezero is not enhanced.

[2021-04-06 17:49:09 #8 type] 
Type domain.Administratzaile is not enhanced.

------------------------------------------------------------------------------------------------------------------------

[2021-04-06 17:49:40 #1 store] 
Database '/Users/itziarirastorza/Desktop/Bets21/src/main/resources/bets.temp' has been recovered (tr. 28-28)

[2021-04-06 17:49:40 #2 store] 
Database '/Users/itziarirastorza/Desktop/Bets21/src/main/resources/bets.temp' is opened by 3285@MacBook-Pro-de-Itziar.local

[2021-04-06 17:49:40 #3 type] 
Type domain.Question is not enhanced.

[2021-04-06 17:49:40 #4 type] 
Type domain.Pronostikoa is not enhanced.

[2021-04-06 17:49:40 #5 type] 
Type domain.Event is not enhanced.

[2021-04-06 17:49:40 #6 type] 
Type domain.Apostua is not enhanced.

[2021-04-06 17:49:40 #7 type] 
Type domain.Pertsona is not enhanced.

[2021-04-06 17:49:40 #8 type] 
Type domain.Bezero is not enhanced.

[2021-04-06 17:49:40 #9 type] 
Type domain.Administratzaile is not enhanced.

------------------------------------------------------------------------------------------------------------------------

[2021-04-06 17:51:27 #1 store] 
Database '/Users/itziarirastorza/Desktop/Bets21/src/main/resources/bets.temp' is opened by 3291@MacBook-Pro-de-Itziar.local

[2021-04-06 17:51:27 #2 type] 
Type domain.Question is not enhanced.

[2021-04-06 17:51:27 #3 type] 
Type domain.Pronostikoa is not enhanced.

[2021-04-06 17:51:27 #4 type] 
Type domain.Event is not enhanced.

[2021-04-06 17:51:27 #5 type] 
Type domain.Apostua is not enhanced.

[2021-04-06 17:51:27 #6 type] 
Type domain.Pertsona is not enhanced.

[2021-04-06 17:51:27 #7 type] 
Type domain.Bezero is not enhanced.

[2021-04-06 17:51:27 #8 type] 
Type domain.Administratzaile is not enhanced.

------------------------------------------------------------------------------------------------------------------------

[2021-04-06 17:52:20 #1 store] 
Database '/Users/itziarirastorza/Desktop/Bets21/src/main/resources/bets.temp' is opened by 3292@MacBook-Pro-de-Itziar.local

[2021-04-06 17:52:20 #2 type] 
Type domain.Question is not enhanced.

[2021-04-06 17:52:20 #3 type] 
Type domain.Pronostikoa is not enhanced.

[2021-04-06 17:52:20 #4 type] 
Type domain.Event is not enhanced.

[2021-04-06 17:52:20 #5 type] 
Type domain.Apostua is not enhanced.

[2021-04-06 17:52:20 #6 type] 
Type domain.Pertsona is not enhanced.

[2021-04-06 17:52:20 #7 type] 
Type domain.Bezero is not enhanced.

[2021-04-06 17:52:20 #8 type] 
Type domain.Administratzaile is not enhanced.

------------------------------------------------------------------------------------------------------------------------

[2021-04-06 17:56:56 #1 store] 
Database '/Users/itziarirastorza/Desktop/Bets21/src/main/resources/bets.temp' is opened by 3305@MacBook-Pro-de-Itziar.local

[2021-04-06 17:56:56 #2 type] 
Type domain.Question is not enhanced.

[2021-04-06 17:56:56 #3 type] 
Type domain.Pronostikoa is not enhanced.

[2021-04-06 17:56:56 #4 type] 
Type domain.Event is not enhanced.

[2021-04-06 17:56:56 #5 type] 
Type domain.Apostua is not enhanced.

[2021-04-06 17:56:56 #6 type] 
Type domain.Pertsona is not enhanced.

[2021-04-06 17:56:56 #7 type] 
Type domain.Bezero is not enhanced.

[2021-04-06 17:56:56 #8 type] 
Type domain.Administratzaile is not enhanced.

------------------------------------------------------------------------------------------------------------------------

[2021-04-06 17:57:20 #1 store] 
Database '/Users/itziarirastorza/Desktop/Bets21/src/main/resources/bets.temp' has been recovered (tr. 29-29)

[2021-04-06 17:57:20 #2 store] 
Database '/Users/itziarirastorza/Desktop/Bets21/src/main/resources/bets.temp' is opened by 3306@MacBook-Pro-de-Itziar.local

[2021-04-06 17:57:20 #3 type] 
Type domain.Question is not enhanced.

[2021-04-06 17:57:20 #4 type] 
Type domain.Pronostikoa is not enhanced.

[2021-04-06 17:57:20 #5 type] 
Type domain.Event is not enhanced.

[2021-04-06 17:57:20 #6 type] 
Type domain.Apostua is not enhanced.

[2021-04-06 17:57:20 #7 type] 
Type domain.Pertsona is not enhanced.

[2021-04-06 17:57:20 #8 type] 
Type domain.Bezero is not enhanced.

[2021-04-06 17:57:20 #9 type] 
Type domain.Administratzaile is not enhanced.

------------------------------------------------------------------------------------------------------------------------

[2021-04-06 17:59:36 #1 store] 
Database '/Users/itziarirastorza/Desktop/Bets21/src/main/resources/bets.temp' is opened by 3314@MacBook-Pro-de-Itziar.local

[2021-04-06 17:59:36 #2 type] 
Type domain.Question is not enhanced.

[2021-04-06 17:59:36 #3 type] 
Type domain.Pronostikoa is not enhanced.

[2021-04-06 17:59:36 #4 type] 
Type domain.Event is not enhanced.

[2021-04-06 17:59:36 #5 type] 
Type domain.Apostua is not enhanced.

[2021-04-06 17:59:36 #6 type] 
Type domain.Pertsona is not enhanced.

[2021-04-06 17:59:36 #7 type] 
Type domain.Bezero is not enhanced.

[2021-04-06 17:59:36 #8 type] 
Type domain.Administratzaile is not enhanced.

------------------------------------------------------------------------------------------------------------------------

[2021-04-06 18:00:45 #1 store] 
Database '/Users/itziarirastorza/Desktop/Bets21/src/main/resources/bets.temp' has been recovered (tr. 30-30)

[2021-04-06 18:00:46 #2 store] 
Database '/Users/itziarirastorza/Desktop/Bets21/src/main/resources/bets.temp' is opened by 3322@MacBook-Pro-de-Itziar.local

[2021-04-06 18:00:46 #3 type] 
Type domain.Question is not enhanced.

[2021-04-06 18:00:46 #4 type] 
Type domain.Pronostikoa is not enhanced.

[2021-04-06 18:00:46 #5 type] 
Type domain.Event is not enhanced.

[2021-04-06 18:00:46 #6 type] 
Type domain.Apostua is not enhanced.

[2021-04-06 18:00:46 #7 type] 
Type domain.Pertsona is not enhanced.

[2021-04-06 18:00:46 #8 type] 
Type domain.Bezero is not enhanced.

[2021-04-06 18:00:46 #9 type] 
Type domain.Administratzaile is not enhanced.

------------------------------------------------------------------------------------------------------------------------

[2021-04-06 18:01:52 #1 store] 
Database '/Users/itziarirastorza/Desktop/Bets21/src/main/resources/bets.temp' is opened by 3328@MacBook-Pro-de-Itziar.local

[2021-04-06 18:01:52 #2 type] 
Type domain.Question is not enhanced.

[2021-04-06 18:01:52 #3 type] 
Type domain.Pronostikoa is not enhanced.

[2021-04-06 18:01:52 #4 type] 
Type domain.Event is not enhanced.

[2021-04-06 18:01:52 #5 type] 
Type domain.Apostua is not enhanced.

[2021-04-06 18:01:52 #6 type] 
Type domain.Pertsona is not enhanced.

[2021-04-06 18:01:52 #7 type] 
Type domain.Bezero is not enhanced.

[2021-04-06 18:01:52 #8 type] 
Type domain.Administratzaile is not enhanced.

------------------------------------------------------------------------------------------------------------------------

[2021-04-06 18:02:19 #1 store] 
Database '/Users/itziarirastorza/Desktop/Bets21/src/main/resources/bets.temp' is opened by 3331@MacBook-Pro-de-Itziar.local

[2021-04-06 18:02:20 #2 type] 
Type domain.Question is not enhanced.

[2021-04-06 18:02:20 #3 type] 
Type domain.Pronostikoa is not enhanced.

[2021-04-06 18:02:20 #4 type] 
Type domain.Event is not enhanced.

[2021-04-06 18:02:20 #5 type] 
Type domain.Apostua is not enhanced.

[2021-04-06 18:02:20 #6 type] 
Type domain.Pertsona is not enhanced.

[2021-04-06 18:02:20 #7 type] 
Type domain.Bezero is not enhanced.

[2021-04-06 18:02:20 #8 type] 
Type domain.Administratzaile is not enhanced.

------------------------------------------------------------------------------------------------------------------------

[2021-04-06 18:03:24 #1 store] 
Database '/Users/itziarirastorza/Desktop/Bets21/src/main/resources/bets.temp' has been recovered (tr. 31-31)

[2021-04-06 18:03:24 #2 store] 
Database '/Users/itziarirastorza/Desktop/Bets21/src/main/resources/bets.temp' is opened by 3336@MacBook-Pro-de-Itziar.local

[2021-04-06 18:03:25 #3 type] 
Type domain.Question is not enhanced.

[2021-04-06 18:03:25 #4 type] 
Type domain.Pronostikoa is not enhanced.

[2021-04-06 18:03:25 #5 type] 
Type domain.Event is not enhanced.

[2021-04-06 18:03:25 #6 type] 
Type domain.Apostua is not enhanced.

[2021-04-06 18:03:25 #7 type] 
Type domain.Pertsona is not enhanced.

[2021-04-06 18:03:25 #8 type] 
Type domain.Bezero is not enhanced.

[2021-04-06 18:03:25 #9 type] 
Type domain.Administratzaile is not enhanced.

------------------------------------------------------------------------------------------------------------------------

[2021-04-06 18:05:59 #1 store] 
Database '/Users/itziarirastorza/Desktop/Bets21/src/main/resources/bets.temp' is opened by 3349@MacBook-Pro-de-Itziar.local

[2021-04-06 18:05:59 #2 type.registry] 
New type domain.Question

[2021-04-06 18:05:59 #3 type] 
Type domain.Question is not enhanced.

[2021-04-06 18:05:59 #4 type.registry] 
New type domain.Pronostikoa

[2021-04-06 18:05:59 #5 type.registry] 
New type java.util.Vector<domain.Pronostikoa>

[2021-04-06 18:05:59 #6 type.registry] 
New type domain.Event

[2021-04-06 18:05:59 #7 type] 
Type domain.Pronostikoa is not enhanced.

[2021-04-06 18:05:59 #8 type.registry] 
New type domain.Apostua

[2021-04-06 18:05:59 #9 type.registry] 
New type java.util.Vector<domain.Apostua>

[2021-04-06 18:05:59 #10 type] 
Type domain.Event is not enhanced.

[2021-04-06 18:05:59 #11 type.registry] 
New type java.util.Vector<domain.Question>

[2021-04-06 18:05:59 #12 type] 
Type domain.Apostua is not enhanced.

[2021-04-06 18:05:59 #13 type.registry] 
New type domain.Pertsona

[2021-04-06 18:05:59 #14 type.registry] 
New type domain.Bezero

[2021-04-06 18:05:59 #15 type] 
Type domain.Pertsona is not enhanced.

[2021-04-06 18:05:59 #16 type] 
Type domain.Bezero is not enhanced.

[2021-04-06 18:05:59 #17 type.registry] 
New type domain.Administratzaile

[2021-04-06 18:05:59 #18 type] 
Type domain.Administratzaile is not enhanced.

[2021-04-06 18:05:59 #19 type.registry] 
New type java.util.Vector<java.lang.Object>

------------------------------------------------------------------------------------------------------------------------

[2021-04-06 18:11:17 #1 store] 
Database '/Users/itziarirastorza/Desktop/Bets21/src/main/resources/bets.temp' is opened by 3399@MacBook-Pro-de-Itziar.local

[2021-04-06 18:11:18 #2 type.registry] 
New type domain.Question

[2021-04-06 18:11:18 #3 type] 
Type domain.Question is not enhanced.

[2021-04-06 18:11:18 #4 type.registry] 
New type domain.Pronostikoa

[2021-04-06 18:11:18 #5 type.registry] 
New type java.util.Vector<domain.Pronostikoa>

[2021-04-06 18:11:18 #6 type.registry] 
New type domain.Event

[2021-04-06 18:11:18 #7 type] 
Type domain.Pronostikoa is not enhanced.

[2021-04-06 18:11:18 #8 type.registry] 
New type domain.Apostua

[2021-04-06 18:11:18 #9 type.registry] 
New type java.util.Vector<domain.Apostua>

[2021-04-06 18:11:18 #10 type] 
Type domain.Event is not enhanced.

[2021-04-06 18:11:18 #11 type.registry] 
New type java.util.Vector<domain.Question>

[2021-04-06 18:11:18 #12 type] 
Type domain.Apostua is not enhanced.

[2021-04-06 18:11:18 #13 type.registry] 
New type domain.Pertsona

[2021-04-06 18:11:18 #14 type.registry] 
New type domain.Bezero

[2021-04-06 18:11:18 #15 type] 
Type domain.Pertsona is not enhanced.

[2021-04-06 18:11:18 #16 type] 
Type domain.Bezero is not enhanced.

[2021-04-06 18:11:18 #17 type.registry] 
New type domain.Administratzaile

[2021-04-06 18:11:18 #18 type] 
Type domain.Administratzaile is not enhanced.

[2021-04-06 18:11:18 #19 type.registry] 
New type java.util.Vector<java.lang.Object>

------------------------------------------------------------------------------------------------------------------------

[2021-04-06 18:11:52 #1 store] 
Database '/Users/itziarirastorza/Desktop/Bets21/src/main/resources/bets.temp' has been recovered (tr. 1-6)

[2021-04-06 18:11:53 #2 store] 
Database '/Users/itziarirastorza/Desktop/Bets21/src/main/resources/bets.temp' is opened by 3411@MacBook-Pro-de-Itziar.local

[2021-04-06 18:11:53 #3 type] 
Type domain.Question is not enhanced.

[2021-04-06 18:11:53 #4 type] 
Type domain.Pronostikoa is not enhanced.

[2021-04-06 18:11:53 #5 type] 
Type domain.Event is not enhanced.

[2021-04-06 18:11:53 #6 type] 
Type domain.Apostua is not enhanced.

[2021-04-06 18:11:53 #7 type] 
Type domain.Pertsona is not enhanced.

[2021-04-06 18:11:53 #8 type] 
Type domain.Bezero is not enhanced.

[2021-04-06 18:11:53 #9 type] 
Type domain.Administratzaile is not enhanced.

------------------------------------------------------------------------------------------------------------------------

[2021-04-06 18:13:00 #1 store] 
Database '/Users/itziarirastorza/Desktop/Bets21/src/main/resources/bets.temp' has been recovered (tr. 7-8)

[2021-04-06 18:13:00 #2 store] 
Database '/Users/itziarirastorza/Desktop/Bets21/src/main/resources/bets.temp' is opened by 3427@MacBook-Pro-de-Itziar.local

[2021-04-06 18:13:00 #3 type] 
Type domain.Question is not enhanced.

[2021-04-06 18:13:00 #4 type] 
Type domain.Pronostikoa is not enhanced.

[2021-04-06 18:13:00 #5 type] 
Type domain.Event is not enhanced.

[2021-04-06 18:13:00 #6 type] 
Type domain.Apostua is not enhanced.

[2021-04-06 18:13:00 #7 type] 
Type domain.Pertsona is not enhanced.

[2021-04-06 18:13:00 #8 type] 
Type domain.Bezero is not enhanced.

[2021-04-06 18:13:00 #9 type] 
Type domain.Administratzaile is not enhanced.

------------------------------------------------------------------------------------------------------------------------

[2021-04-06 18:13:14 #1 store] 
Database '/Users/itziarirastorza/Desktop/Bets21/src/main/resources/bets.temp' is opened by 3429@MacBook-Pro-de-Itziar.local

[2021-04-06 18:13:14 #2 type] 
Type domain.Question is not enhanced.

[2021-04-06 18:13:14 #3 type] 
Type domain.Pronostikoa is not enhanced.

[2021-04-06 18:13:14 #4 type] 
Type domain.Event is not enhanced.

[2021-04-06 18:13:14 #5 type] 
Type domain.Apostua is not enhanced.

[2021-04-06 18:13:14 #6 type] 
Type domain.Pertsona is not enhanced.

[2021-04-06 18:13:14 #7 type] 
Type domain.Bezero is not enhanced.

[2021-04-06 18:13:14 #8 type] 
Type domain.Administratzaile is not enhanced.

------------------------------------------------------------------------------------------------------------------------

[2021-04-06 18:14:22 #1 store] 
Database '/Users/itziarirastorza/Desktop/Bets21/src/main/resources/bets.temp' has been recovered (tr. 9-9)

[2021-04-06 18:14:22 #2 store] 
Database '/Users/itziarirastorza/Desktop/Bets21/src/main/resources/bets.temp' is opened by 3440@MacBook-Pro-de-Itziar.local

[2021-04-06 18:14:22 #3 type] 
Type domain.Question is not enhanced.

[2021-04-06 18:14:22 #4 type] 
Type domain.Pronostikoa is not enhanced.

[2021-04-06 18:14:22 #5 type] 
Type domain.Event is not enhanced.

[2021-04-06 18:14:22 #6 type] 
Type domain.Apostua is not enhanced.

[2021-04-06 18:14:22 #7 type] 
Type domain.Pertsona is not enhanced.

[2021-04-06 18:14:22 #8 type] 
Type domain.Bezero is not enhanced.

[2021-04-06 18:14:22 #9 type] 
Type domain.Administratzaile is not enhanced.

------------------------------------------------------------------------------------------------------------------------

[2021-04-06 18:14:46 #1 store] 
Database '/Users/itziarirastorza/Desktop/Bets21/src/main/resources/bets.temp' has been recovered (tr. 10-10)

[2021-04-06 18:14:46 #2 store] 
Database '/Users/itziarirastorza/Desktop/Bets21/src/main/resources/bets.temp' is opened by 3449@MacBook-Pro-de-Itziar.local

[2021-04-06 18:14:46 #3 type] 
Type domain.Question is not enhanced.

[2021-04-06 18:14:46 #4 type] 
Type domain.Pronostikoa is not enhanced.

[2021-04-06 18:14:46 #5 type] 
Type domain.Event is not enhanced.

[2021-04-06 18:14:46 #6 type] 
Type domain.Apostua is not enhanced.

[2021-04-06 18:14:46 #7 type] 
Type domain.Pertsona is not enhanced.

[2021-04-06 18:14:46 #8 type] 
Type domain.Bezero is not enhanced.

[2021-04-06 18:14:46 #9 type] 
Type domain.Administratzaile is not enhanced.

------------------------------------------------------------------------------------------------------------------------

[2021-04-06 18:15:54 #1 store] 
Database '/Users/itziarirastorza/Desktop/Bets21/src/main/resources/bets.temp' is opened by 3466@MacBook-Pro-de-Itziar.local

[2021-04-06 18:15:54 #2 type] 
Type domain.Question is not enhanced.

[2021-04-06 18:15:54 #3 type] 
Type domain.Pronostikoa is not enhanced.

[2021-04-06 18:15:54 #4 type] 
Type domain.Event is not enhanced.

[2021-04-06 18:15:54 #5 type] 
Type domain.Apostua is not enhanced.

[2021-04-06 18:15:54 #6 type] 
Type domain.Pertsona is not enhanced.

[2021-04-06 18:15:54 #7 type] 
Type domain.Bezero is not enhanced.

[2021-04-06 18:15:54 #8 type] 
Type domain.Administratzaile is not enhanced.

------------------------------------------------------------------------------------------------------------------------

[2021-04-06 18:16:39 #1 store] 
Database '/Users/itziarirastorza/Desktop/Bets21/src/main/resources/bets.temp' has been recovered (tr. 11-11)

[2021-04-06 18:16:39 #2 store] 
Database '/Users/itziarirastorza/Desktop/Bets21/src/main/resources/bets.temp' is opened by 3474@MacBook-Pro-de-Itziar.local

[2021-04-06 18:16:39 #3 type] 
Type domain.Question is not enhanced.

[2021-04-06 18:16:39 #4 type] 
Type domain.Pronostikoa is not enhanced.

[2021-04-06 18:16:39 #5 type] 
Type domain.Event is not enhanced.

[2021-04-06 18:16:39 #6 type] 
Type domain.Apostua is not enhanced.

[2021-04-06 18:16:39 #7 type] 
Type domain.Pertsona is not enhanced.

[2021-04-06 18:16:39 #8 type] 
Type domain.Bezero is not enhanced.

[2021-04-06 18:16:39 #9 type] 
Type domain.Administratzaile is not enhanced.

------------------------------------------------------------------------------------------------------------------------

[2021-04-06 18:17:05 #1 store] 
Database '/Users/itziarirastorza/Desktop/Bets21/src/main/resources/bets.temp' is opened by 3485@MacBook-Pro-de-Itziar.local

[2021-04-06 18:17:05 #2 type] 
Type domain.Question is not enhanced.

[2021-04-06 18:17:05 #3 type] 
Type domain.Pronostikoa is not enhanced.

[2021-04-06 18:17:05 #4 type] 
Type domain.Event is not enhanced.

[2021-04-06 18:17:05 #5 type] 
Type domain.Apostua is not enhanced.

[2021-04-06 18:17:05 #6 type] 
Type domain.Pertsona is not enhanced.

[2021-04-06 18:17:05 #7 type] 
Type domain.Bezero is not enhanced.

[2021-04-06 18:17:05 #8 type] 
Type domain.Administratzaile is not enhanced.

------------------------------------------------------------------------------------------------------------------------

[2021-04-06 18:19:32 #1 store] 
Database '/Users/itziarirastorza/Desktop/Bets21/src/main/resources/bets.temp' is opened by 3513@MacBook-Pro-de-Itziar.local

[2021-04-06 18:19:32 #2 type] 
Type domain.Question is not enhanced.

[2021-04-06 18:19:32 #3 type] 
Type domain.Pronostikoa is not enhanced.

[2021-04-06 18:19:32 #4 type] 
Type domain.Event is not enhanced.

[2021-04-06 18:19:32 #5 type] 
Type domain.Apostua is not enhanced.

[2021-04-06 18:19:32 #6 type] 
Type domain.Pertsona is not enhanced.

[2021-04-06 18:19:32 #7 type] 
Type domain.Bezero is not enhanced.

[2021-04-06 18:19:32 #8 type] 
Type domain.Administratzaile is not enhanced.

------------------------------------------------------------------------------------------------------------------------

[2021-04-06 18:20:28 #1 store] 
Database '/Users/itziarirastorza/Desktop/Bets21/src/main/resources/bets.temp' has been recovered (tr. 12-13)

[2021-04-06 18:20:28 #2 store] 
Database '/Users/itziarirastorza/Desktop/Bets21/src/main/resources/bets.temp' is opened by 3520@MacBook-Pro-de-Itziar.local

[2021-04-06 18:20:29 #3 type] 
Type domain.Question is not enhanced.

[2021-04-06 18:20:29 #4 type] 
Type domain.Pronostikoa is not enhanced.

[2021-04-06 18:20:29 #5 type] 
Type domain.Event is not enhanced.

[2021-04-06 18:20:29 #6 type] 
Type domain.Apostua is not enhanced.

[2021-04-06 18:20:29 #7 type] 
Type domain.Pertsona is not enhanced.

[2021-04-06 18:20:29 #8 type] 
Type domain.Bezero is not enhanced.

[2021-04-06 18:20:29 #9 type] 
Type domain.Administratzaile is not enhanced.

------------------------------------------------------------------------------------------------------------------------

[2021-04-06 18:20:45 #1 store] 
Database '/Users/itziarirastorza/Desktop/Bets21/src/main/resources/bets.temp' is opened by 3525@MacBook-Pro-de-Itziar.local

[2021-04-06 18:20:45 #2 type] 
Type domain.Question is not enhanced.

[2021-04-06 18:20:45 #3 type] 
Type domain.Pronostikoa is not enhanced.

[2021-04-06 18:20:45 #4 type] 
Type domain.Event is not enhanced.

[2021-04-06 18:20:45 #5 type] 
Type domain.Apostua is not enhanced.

[2021-04-06 18:20:45 #6 type] 
Type domain.Pertsona is not enhanced.

[2021-04-06 18:20:45 #7 type] 
Type domain.Bezero is not enhanced.

[2021-04-06 18:20:45 #8 type] 
Type domain.Administratzaile is not enhanced.

------------------------------------------------------------------------------------------------------------------------

[2021-04-06 18:21:17 #1 store] 
Database '/Users/itziarirastorza/Desktop/Bets21/src/main/resources/bets.temp' is opened by 3529@MacBook-Pro-de-Itziar.local

[2021-04-06 18:21:17 #2 type] 
Type domain.Question is not enhanced.

[2021-04-06 18:21:17 #3 type] 
Type domain.Pronostikoa is not enhanced.

[2021-04-06 18:21:17 #4 type] 
Type domain.Event is not enhanced.

[2021-04-06 18:21:17 #5 type] 
Type domain.Apostua is not enhanced.

[2021-04-06 18:21:17 #6 type] 
Type domain.Pertsona is not enhanced.

[2021-04-06 18:21:17 #7 type] 
Type domain.Bezero is not enhanced.

[2021-04-06 18:21:17 #8 type] 
Type domain.Administratzaile is not enhanced.

------------------------------------------------------------------------------------------------------------------------

[2021-04-06 18:21:24 #1 store] 
Database '/Users/itziarirastorza/Desktop/Bets21/src/main/resources/bets.temp' is opened by 3531@MacBook-Pro-de-Itziar.local

[2021-04-06 18:21:24 #2 type] 
Type domain.Question is not enhanced.

[2021-04-06 18:21:24 #3 type] 
Type domain.Pronostikoa is not enhanced.

[2021-04-06 18:21:24 #4 type] 
Type domain.Event is not enhanced.

[2021-04-06 18:21:24 #5 type] 
Type domain.Apostua is not enhanced.

[2021-04-06 18:21:24 #6 type] 
Type domain.Pertsona is not enhanced.

[2021-04-06 18:21:24 #7 type] 
Type domain.Bezero is not enhanced.

[2021-04-06 18:21:24 #8 type] 
Type domain.Administratzaile is not enhanced.

------------------------------------------------------------------------------------------------------------------------

[2021-04-06 18:26:32 #1 store] 
Database '/Users/itziarirastorza/Desktop/Bets21/src/main/resources/bets.temp' is opened by 3592@MacBook-Pro-de-Itziar.local

[2021-04-06 18:26:32 #2 type] 
Type domain.Question is not enhanced.

[2021-04-06 18:26:32 #3 type] 
Type domain.Pronostikoa is not enhanced.

[2021-04-06 18:26:32 #4 type] 
Type domain.Event is not enhanced.

[2021-04-06 18:26:32 #5 type] 
Type domain.Apostua is not enhanced.

[2021-04-06 18:26:32 #6 type] 
Type domain.Pertsona is not enhanced.

[2021-04-06 18:26:32 #7 type] 
Type domain.Bezero is not enhanced.

[2021-04-06 18:26:32 #8 type] 
Type domain.Administratzaile is not enhanced.

------------------------------------------------------------------------------------------------------------------------

[2021-04-06 18:28:03 #1 store] 
Database '/Users/itziarirastorza/Desktop/Bets21/src/main/resources/bets.temp' is opened by 3611@MacBook-Pro-de-Itziar.local

[2021-04-06 18:28:03 #2 type] 
Type domain.Question is not enhanced.

[2021-04-06 18:28:03 #3 type] 
Type domain.Pronostikoa is not enhanced.

[2021-04-06 18:28:03 #4 type] 
Type domain.Event is not enhanced.

[2021-04-06 18:28:03 #5 type] 
Type domain.Apostua is not enhanced.

[2021-04-06 18:28:03 #6 type] 
Type domain.Pertsona is not enhanced.

[2021-04-06 18:28:03 #7 type] 
Type domain.Bezero is not enhanced.

[2021-04-06 18:28:03 #8 type] 
Type domain.Administratzaile is not enhanced.

------------------------------------------------------------------------------------------------------------------------

[2021-04-06 18:34:33 #1 store] 
Database '/Users/itziarirastorza/Desktop/Bets21/src/main/resources/bets.temp' is opened by 3678@MacBook-Pro-de-Itziar.local

[2021-04-06 18:34:34 #2 type] 
Type domain.Question is not enhanced.

[2021-04-06 18:34:34 #3 type] 
Type domain.Pronostikoa is not enhanced.

[2021-04-06 18:34:34 #4 type] 
Type domain.Event is not enhanced.

[2021-04-06 18:34:34 #5 type] 
Type domain.Apostua is not enhanced.

[2021-04-06 18:34:34 #6 type] 
Type domain.Pertsona is not enhanced.

[2021-04-06 18:34:34 #7 type] 
Type domain.Bezero is not enhanced.

[2021-04-06 18:34:34 #8 type] 
Type domain.Administratzaile is not enhanced.

------------------------------------------------------------------------------------------------------------------------

[2021-04-06 18:36:05 #1 store] 
Database '/Users/itziarirastorza/Desktop/Bets21/src/main/resources/bets.temp' is opened by 3699@MacBook-Pro-de-Itziar.local

[2021-04-06 18:36:05 #2 type] 
Type domain.Question is not enhanced.

[2021-04-06 18:36:05 #3 type] 
Type domain.Pronostikoa is not enhanced.

[2021-04-06 18:36:05 #4 type] 
Type domain.Event is not enhanced.

[2021-04-06 18:36:05 #5 type] 
Type domain.Apostua is not enhanced.

[2021-04-06 18:36:05 #6 type] 
Type domain.Pertsona is not enhanced.

[2021-04-06 18:36:05 #7 type] 
Type domain.Bezero is not enhanced.

[2021-04-06 18:36:05 #8 type] 
Type domain.Administratzaile is not enhanced.

------------------------------------------------------------------------------------------------------------------------

[2021-04-06 18:39:56 #1 store] 
Database '/Users/itziarirastorza/Desktop/Bets21/src/main/resources/bets.temp' is opened by 3741@MacBook-Pro-de-Itziar.local

[2021-04-06 18:39:56 #2 type] 
Type domain.Question is not enhanced.

[2021-04-06 18:39:56 #3 type] 
Type domain.Pronostikoa is not enhanced.

[2021-04-06 18:39:56 #4 type] 
Type domain.Event is not enhanced.

[2021-04-06 18:39:56 #5 type] 
Type domain.Apostua is not enhanced.

[2021-04-06 18:39:56 #6 type] 
Type domain.Pertsona is not enhanced.

[2021-04-06 18:39:56 #7 type] 
Type domain.Bezero is not enhanced.

[2021-04-06 18:39:56 #8 type] 
Type domain.Administratzaile is not enhanced.

------------------------------------------------------------------------------------------------------------------------

[2021-04-06 18:42:38 #1 store] 
Database '/Users/itziarirastorza/Desktop/Bets21/src/main/resources/bets.temp' is opened by 3768@MacBook-Pro-de-Itziar.local

[2021-04-06 18:42:38 #2 type] 
Type domain.Question is not enhanced.

[2021-04-06 18:42:38 #3 type] 
Type domain.Pronostikoa is not enhanced.

[2021-04-06 18:42:38 #4 type] 
Type domain.Event is not enhanced.

[2021-04-06 18:42:38 #5 type] 
Type domain.Apostua is not enhanced.

[2021-04-06 18:42:38 #6 type] 
Type domain.Pertsona is not enhanced.

[2021-04-06 18:42:38 #7 type] 
Type domain.Bezero is not enhanced.

[2021-04-06 18:42:38 #8 type] 
Type domain.Administratzaile is not enhanced.

------------------------------------------------------------------------------------------------------------------------

[2021-04-06 18:43:54 #1 store] 
Database '/Users/itziarirastorza/Desktop/Bets21/src/main/resources/bets.temp' is opened by 3787@MacBook-Pro-de-Itziar.local

[2021-04-06 18:43:54 #2 type] 
Type domain.Question is not enhanced.

[2021-04-06 18:43:54 #3 type] 
Type domain.Pronostikoa is not enhanced.

[2021-04-06 18:43:54 #4 type] 
Type domain.Event is not enhanced.

[2021-04-06 18:43:54 #5 type] 
Type domain.Apostua is not enhanced.

[2021-04-06 18:43:54 #6 type] 
Type domain.Pertsona is not enhanced.

[2021-04-06 18:43:54 #7 type] 
Type domain.Bezero is not enhanced.

[2021-04-06 18:43:54 #8 type] 
Type domain.Administratzaile is not enhanced.

------------------------------------------------------------------------------------------------------------------------

[2021-04-06 18:48:31 #1 store] 
Database '/Users/itziarirastorza/Desktop/Bets21/src/main/resources/bets.temp' is opened by 3837@MacBook-Pro-de-Itziar.local

[2021-04-06 18:48:31 #2 type] 
Type domain.Question is not enhanced.

[2021-04-06 18:48:31 #3 type] 
Type domain.Pronostikoa is not enhanced.

[2021-04-06 18:48:31 #4 type] 
Type domain.Event is not enhanced.

[2021-04-06 18:48:31 #5 type] 
Type domain.Apostua is not enhanced.

[2021-04-06 18:48:31 #6 type] 
Type domain.Pertsona is not enhanced.

[2021-04-06 18:48:31 #7 type] 
Type domain.Bezero is not enhanced.

[2021-04-06 18:48:31 #8 type] 
Type domain.Administratzaile is not enhanced.

------------------------------------------------------------------------------------------------------------------------

[2021-04-06 18:50:20 #1 store] 
Database '/Users/itziarirastorza/Desktop/Bets21/src/main/resources/bets.temp' is opened by 3863@MacBook-Pro-de-Itziar.local

[2021-04-06 18:50:21 #2 type] 
Type domain.Question is not enhanced.

[2021-04-06 18:50:21 #3 type] 
Type domain.Pronostikoa is not enhanced.

[2021-04-06 18:50:21 #4 type] 
Type domain.Event is not enhanced.

[2021-04-06 18:50:21 #5 type] 
Type domain.Apostua is not enhanced.

[2021-04-06 18:50:21 #6 type] 
Type domain.Pertsona is not enhanced.

[2021-04-06 18:50:21 #7 type] 
Type domain.Bezero is not enhanced.

[2021-04-06 18:50:21 #8 type] 
Type domain.Administratzaile is not enhanced.

------------------------------------------------------------------------------------------------------------------------

[2021-04-06 18:51:04 #1 store] 
Database '/Users/itziarirastorza/Desktop/Bets21/src/main/resources/bets.temp' is opened by 3878@MacBook-Pro-de-Itziar.local

[2021-04-06 18:51:04 #2 type] 
Type domain.Question is not enhanced.

[2021-04-06 18:51:04 #3 type] 
Type domain.Pronostikoa is not enhanced.

[2021-04-06 18:51:04 #4 type] 
Type domain.Event is not enhanced.

[2021-04-06 18:51:04 #5 type] 
Type domain.Apostua is not enhanced.

[2021-04-06 18:51:04 #6 type] 
Type domain.Pertsona is not enhanced.

[2021-04-06 18:51:04 #7 type] 
Type domain.Bezero is not enhanced.

[2021-04-06 18:51:04 #8 type] 
Type domain.Administratzaile is not enhanced.

