------------------------------------------------------------------------------------------------------------------------

[2021-05-11 10:33:09 #1 store] 
Database 'C:\Users\aitor\Desktop\SIWorkspace\Bets21\src\main\resources\bets.temp' is opened by 12956@AITOR-DESKTOP

[2021-05-11 10:33:10 #2 type] 
Type domain.Question is not enhanced.

[2021-05-11 10:33:10 #3 type] 
Type domain.Pronostikoa is not enhanced.

[2021-05-11 10:33:10 #4 type] 
Type domain.Event is not enhanced.

[2021-05-11 10:33:10 #5 type] 
Type domain.Apostua is not enhanced.

[2021-05-11 10:33:10 #6 type] 
Type domain.Pertsona is not enhanced.

[2021-05-11 10:33:10 #7 type] 
Type domain.Bezero is not enhanced.

[2021-05-11 10:33:10 #8 type] 
Type domain.Administratzaile is not enhanced.

------------------------------------------------------------------------------------------------------------------------

[2021-05-11 10:36:30 #1 store] 
Database 'C:\Users\aitor\Desktop\SIWorkspace\Bets21\src\main\resources\bets.temp' is opened by 9660@AITOR-DESKTOP

[2021-05-11 10:36:30 #2 type] 
Type domain.Question is not enhanced.

[2021-05-11 10:36:30 #3 type] 
Type domain.Pronostikoa is not enhanced.

[2021-05-11 10:36:30 #4 type] 
Type domain.Event is not enhanced.

[2021-05-11 10:36:30 #5 type] 
Type domain.Apostua is not enhanced.

[2021-05-11 10:36:30 #6 type] 
Type domain.Pertsona is not enhanced.

[2021-05-11 10:36:30 #7 type] 
Type domain.Bezero is not enhanced.

[2021-05-11 10:36:30 #8 type] 
Type domain.Administratzaile is not enhanced.

------------------------------------------------------------------------------------------------------------------------

[2021-05-11 10:36:54 #1 server] 
Server on port 6136 has started by 3868@AITOR-DESKTOP

